1710605158942:help
1710605167328:clear
1710605171545:quit
1710660807673:h
1710660812799:help
1710660816492:p
1710672635949:h
1710751579269:help
1710751586402:p
1710751589650:a
1710751599138:n
1710753915299:help
1710754429621:p
1710754446963:n
1710754462740:r
1710754471156:r PD1 2
1710754478108:display
1710754496419:a
1710754507052:a PD1 3
1710754519796:P
1710754521603:p
1710754529468:display
1710754982633:help
1710754988678:p
1710754997238:dis
1710755080450:help
1710755082495:dis
1710755085904:p
1710755089087:n
1710755091392:dis
1710755154289:a PD2 10
1710755167584:P
1710755170183:help
1710755175568:p
1710755279051:help
1710755280817:dis
1710755282881:n
1710755287082:p
1710755291890:a PD2 10
1710755321624:a PD2 3
1710755325201:dis
1710755329737:p
1710755337026:r PD1 3
1710755341594:r PD2 1
1710755347394:dis
1710755620477:n
1710755629980:P
1710755631971:p
1710755637628:r PD2 1
1710755672756:dis
1710755803037:help
1710755816973:r
1710755821845:a
1710755858220:r 1 PD2
1710755870798:r PD2 1
1710755901224:N
1710755902853:n
1710755911862:a PD2 4
1710755914053:p
1710755919574:r PD2 3
1710756076406:HELP
1710756078183:help
1710756079269:n
1710756080389:dis
1710756081823:p
1710756086879:a PD1 5
1710756088782:dis
1710756092583:r PD2 2
1710756095238:r PD1 1
1710813348793:help
1710816944318:p
1710816947859:n
1710816955247:dis
1710816964639:a PD1 12
1710816969033:a PD1 8
1710816977651:dis
1710816997979:r PD1 123
1710817004242:r PD1 12
1710817007144:r PD1 7
1710817013296:p
1710817040466:c
1710817046402:dis
1710817066443:a PD2 3
1710817068421:P
1710817070206:p
1710817075168:e
1710817078077:dis
1710817081873:quit
1710817228087:help
1710817231160:p
1710817239035:e
1710817621106:help
1710817630175:a
1710817679885:p
1710817682901:n
1710817684702:help
