#
# There is insufficient memory for the Java Runtime Environment to continue.
# Native memory allocation (mmap) failed to map 264241152 bytes for G1 virtual space
# Possible reasons:
#   The system is out of physical RAM or swap space
#   The process is running with CompressedOops enabled, and the Java Heap may be blocking the growth of the native heap
# Possible solutions:
#   Reduce memory load on the system
#   Increase physical memory or swap space
#   Check if swap backing store is full
#   Decrease Java heap size (-Xmx/-Xms)
#   Decrease number of Java threads
#   Decrease Java thread stack sizes (-Xss)
#   Set larger code cache with -XX:ReservedCodeCacheSize=
#   JVM is running with Zero Based Compressed Oops mode in which the Java heap is
#     placed in the first 32GB address space. The Java Heap base address is the
#     maximum limit for the native heap growth. Please use -XX:HeapBaseMinAddress
#     to set the Java Heap base and to place the Java Heap above 32GB virtual address.
# This output file may be truncated or incomplete.
#
#  Out of Memory Error (os_windows.cpp:3613), pid=10872, tid=31152
#
# JRE version:  (17.0.10+7) (build )
# Java VM: OpenJDK 64-Bit Server VM (17.0.10+7-LTS, mixed mode, sharing, tiered, compressed oops, compressed class ptrs, g1 gc, windows-amd64)
# No core dump will be written. Minidumps are not enabled by default on client versions of Windows
#

---------------  S U M M A R Y ------------

Command Line: -XX:+ShowCodeDetailsInExceptionMessages com.example.webpos.WebPosApplication

Host: 13th Gen Intel(R) Core(TM) i7-13700H, 20 cores, 15G,  Windows 11 , 64 bit Build 22621 (10.0.22621.3527)
Time: Sat May 25 11:00:52 2024  Windows 11 , 64 bit Build 22621 (10.0.22621.3527) elapsed time: 0.012833 seconds (0d 0h 0m 0s)

---------------  T H R E A D  ---------------

Current thread (0x00000292ad3b5430):  JavaThread "Unknown thread" [_thread_in_vm, id=31152, stack(0x000000ac4c200000,0x000000ac4c300000)]

Stack: [0x000000ac4c200000,0x000000ac4c300000]
Native frames: (J=compiled Java code, j=interpreted, Vv=VM code, C=native code)
V  [jvm.dll+0x67f829]
V  [jvm.dll+0x83750a]
V  [jvm.dll+0x838fce]
V  [jvm.dll+0x839633]
V  [jvm.dll+0x247cbf]
V  [jvm.dll+0x67c669]
V  [jvm.dll+0x6710da]
V  [jvm.dll+0x309b8b]
V  [jvm.dll+0x311036]
V  [jvm.dll+0x360d5e]
V  [jvm.dll+0x360f8f]
V  [jvm.dll+0x2e0798]
V  [jvm.dll+0x2e1704]
V  [jvm.dll+0x808d91]
V  [jvm.dll+0x36ec11]
V  [jvm.dll+0x7e7826]
V  [jvm.dll+0x3f245f]
V  [jvm.dll+0x3f4091]
C  [jli.dll+0x528f]
C  [ucrtbase.dll+0x29333]
C  [KERNEL32.DLL+0x1257d]
C  [ntdll.dll+0x5aa48]


---------------  P R O C E S S  ---------------

Threads class SMR info:
_java_thread_list=0x00007ffbe9001ed8, length=0, elements={
}

Java Threads: ( => current thread )

Other Threads:
  0x00000292ad429240 GCTaskThread "GC Thread#0" [stack: 0x000000ac4c300000,0x000000ac4c400000] [id=27500]
  0x00000292ad439bd0 ConcurrentGCThread "G1 Main Marker" [stack: 0x000000ac4c400000,0x000000ac4c500000] [id=20280]
  0x00000292ad43b600 ConcurrentGCThread "G1 Conc#0" [stack: 0x000000ac4c500000,0x000000ac4c600000] [id=13444]

[error occurred during error reporting (printing all threads), id 0xc0000005, EXCEPTION_ACCESS_VIOLATION (0xc0000005) at pc=0x00007ffbe87c11d7]

VM state: not at safepoint (not fully initialized)

VM Mutex/Monitor currently owned by a thread:  ([mutex/lock_event])
[0x00000292ad3af0b0] Heap_lock - owner thread: 0x00000292ad3b5430

Heap address: 0x0000000705c00000, size: 4004 MB, Compressed Oops mode: Zero based, Oop shift amount: 3

CDS archive(s) mapped at: [0x0000000000000000-0x0000000000000000-0x0000000000000000), size 0, SharedBaseAddress: 0x0000000800000000, ArchiveRelocationMode: 1.
Narrow klass base: 0x0000000000000000, Narrow klass shift: 0, Narrow klass range: 0x0

GC Precious Log:
<Empty>

Heap:
 garbage-first heap   total 0K, used 0K [0x0000000705c00000, 0x0000000800000000)
  region size 2048K, 0 young (0K), 0 survivors (0K)

[error occurred during error reporting (printing heap information), id 0xc0000005, EXCEPTION_ACCESS_VIOLATION (0xc0000005) at pc=0x00007ffbe8ba9869]

GC Heap History (0 events):
No events

Dll operation events (1 events):
Event: 0.004 Loaded shared library C:\D\SoftWare\JDK\java\bin\java.dll

Deoptimization events (0 events):
No events

Classes unloaded (0 events):
No events

Classes redefined (0 events):
No events

Internal exceptions (0 events):
No events

VM Operations (0 events):
No events

Events (0 events):
No events


Dynamic libraries:
0x00007ff78cf50000 - 0x00007ff78cf5e000 	C:\D\SoftWare\JDK\java\bin\java.exe
0x00007ffc84cd0000 - 0x00007ffc84ee7000 	C:\Windows\SYSTEM32\ntdll.dll
0x00007ffc84170000 - 0x00007ffc84234000 	C:\Windows\System32\KERNEL32.DLL
0x00007ffc81ff0000 - 0x00007ffc82397000 	C:\Windows\System32\KERNELBASE.dll
0x00007ffc82470000 - 0x00007ffc82581000 	C:\Windows\System32\ucrtbase.dll
0x00007ffc74650000 - 0x00007ffc74667000 	C:\D\SoftWare\JDK\java\bin\jli.dll
0x00007ffc77400000 - 0x00007ffc7741b000 	C:\D\SoftWare\JDK\java\bin\VCRUNTIME140.dll
0x00007ffc82ac0000 - 0x00007ffc82c6e000 	C:\Windows\System32\USER32.dll
0x00007ffc823a0000 - 0x00007ffc823c6000 	C:\Windows\System32\win32u.dll
0x00007ffc72880000 - 0x00007ffc72b13000 	C:\Windows\WinSxS\amd64_microsoft.windows.common-controls_6595b64144ccf1df_6.0.22621.3527_none_270e469b73872a76\COMCTL32.dll
0x00007ffc83c10000 - 0x00007ffc83c39000 	C:\Windows\System32\GDI32.dll
0x00007ffc83170000 - 0x00007ffc83217000 	C:\Windows\System32\msvcrt.dll
0x00007ffc82770000 - 0x00007ffc82889000 	C:\Windows\System32\gdi32full.dll
0x00007ffc823d0000 - 0x00007ffc8246a000 	C:\Windows\System32\msvcp_win.dll
0x00007ffc840d0000 - 0x00007ffc84101000 	C:\Windows\System32\IMM32.DLL
0x00007ffc7cbe0000 - 0x00007ffc7cbec000 	C:\D\SoftWare\JDK\java\bin\vcruntime140_1.dll
0x00007ffc47d40000 - 0x00007ffc47dcd000 	C:\D\SoftWare\JDK\java\bin\msvcp140.dll
0x00007ffbe84d0000 - 0x00007ffbe9135000 	C:\D\SoftWare\JDK\java\bin\server\jvm.dll
0x00007ffc83e00000 - 0x00007ffc83eb2000 	C:\Windows\System32\ADVAPI32.dll
0x00007ffc82a00000 - 0x00007ffc82aa8000 	C:\Windows\System32\sechost.dll
0x00007ffc82890000 - 0x00007ffc828b8000 	C:\Windows\System32\bcrypt.dll
0x00007ffc848f0000 - 0x00007ffc84a05000 	C:\Windows\System32\RPCRT4.dll
0x00007ffc80e40000 - 0x00007ffc80e8d000 	C:\Windows\SYSTEM32\POWRPROF.dll
0x00007ffc78cb0000 - 0x00007ffc78ce4000 	C:\Windows\SYSTEM32\WINMM.dll
0x00007ffc78aa0000 - 0x00007ffc78aaa000 	C:\Windows\SYSTEM32\VERSION.dll
0x00007ffc78eb0000 - 0x00007ffc78eb9000 	C:\Windows\SYSTEM32\WSOCK32.dll
0x00007ffc84780000 - 0x00007ffc847f1000 	C:\Windows\System32\WS2_32.dll
0x00007ffc80e20000 - 0x00007ffc80e33000 	C:\Windows\SYSTEM32\UMPDC.dll
0x00007ffc810e0000 - 0x00007ffc810f8000 	C:\Windows\SYSTEM32\kernel.appcore.dll
0x00007ffc74640000 - 0x00007ffc7464a000 	C:\D\SoftWare\JDK\java\bin\jimage.dll
0x00007ffc7f610000 - 0x00007ffc7f842000 	C:\Windows\SYSTEM32\DBGHELP.DLL
0x00007ffc84240000 - 0x00007ffc845c8000 	C:\Windows\System32\combase.dll
0x00007ffc84800000 - 0x00007ffc848d7000 	C:\Windows\System32\OLEAUT32.dll
0x00007ffc771b0000 - 0x00007ffc771e2000 	C:\Windows\SYSTEM32\dbgcore.DLL
0x00007ffc82980000 - 0x00007ffc829f9000 	C:\Windows\System32\bcryptPrimitives.dll
0x00007ffc6b6c0000 - 0x00007ffc6b6e5000 	C:\D\SoftWare\JDK\java\bin\java.dll

dbghelp: loaded successfully - version: 4.0.5 - missing functions: none
symbol engine: initialized successfully - sym options: 0x614 - pdb path: .;C:\D\SoftWare\JDK\java\bin;C:\Windows\SYSTEM32;C:\Windows\WinSxS\amd64_microsoft.windows.common-controls_6595b64144ccf1df_6.0.22621.3527_none_270e469b73872a76;C:\D\SoftWare\JDK\java\bin\server

VM Arguments:
jvm_args: -XX:+ShowCodeDetailsInExceptionMessages 
java_command: com.example.webpos.WebPosApplication
java_class_path (initial): C:\D\Lesson\Software_structure\aw9\spring-webpos-product\target\classes;C:\Users\12807\.m2\repository\org\springframework\boot\spring-boot-starter-webflux\3.0.5\spring-boot-starter-webflux-3.0.5.jar;C:\Users\12807\.m2\repository\org\springframework\boot\spring-boot-starter\3.0.5\spring-boot-starter-3.0.5.jar;C:\Users\12807\.m2\repository\org\springframework\boot\spring-boot\3.0.5\spring-boot-3.0.5.jar;C:\Users\12807\.m2\repository\org\springframework\boot\spring-boot-autoconfigure\3.0.5\spring-boot-autoconfigure-3.0.5.jar;C:\Users\12807\.m2\repository\org\springframework\boot\spring-boot-starter-logging\3.0.5\spring-boot-starter-logging-3.0.5.jar;C:\Users\12807\.m2\repository\ch\qos\logback\logback-classic\1.4.6\logback-classic-1.4.6.jar;C:\Users\12807\.m2\repository\ch\qos\logback\logback-core\1.4.6\logback-core-1.4.6.jar;C:\Users\12807\.m2\repository\org\apache\logging\log4j\log4j-to-slf4j\2.19.0\log4j-to-slf4j-2.19.0.jar;C:\Users\12807\.m2\repository\org\apache\logging\log4j\log4j-api\2.19.0\log4j-api-2.19.0.jar;C:\Users\12807\.m2\repository\org\slf4j\jul-to-slf4j\2.0.7\jul-to-slf4j-2.0.7.jar;C:\Users\12807\.m2\repository\jakarta\annotation\jakarta.annotation-api\2.1.1\jakarta.annotation-api-2.1.1.jar;C:\Users\12807\.m2\repository\org\springframework\spring-core\6.0.7\spring-core-6.0.7.jar;C:\Users\12807\.m2\repository\org\springframework\spring-jcl\6.0.7\spring-jcl-6.0.7.jar;C:\Users\12807\.m2\repository\org\yaml\snakeyaml\1.33\snakeyaml-1.33.jar;C:\Users\12807\.m2\repository\org\springframework\boot\spring-boot-starter-json\3.0.5\spring-boot-starter-json-3.0.5.jar;C:\Users\12807\.m2\repository\com\fasterxml\jackson\datatype\jackson-datatype-jdk8\2.14.2\jackson-datatype-jdk8-2.14.2.jar;C:\Users\12807\.m2\repository\com\fasterxml\jackson\module\jackson-module-parameter-names\2.14.2\jackson-module-parameter-names-2.14.2.jar;C:\Users\12807\.m2\repository\org\springframework\boot\spring-boot-starter-reactor-netty\3.0.5\spring-boot-starte
Launcher Type: SUN_STANDARD

[Global flags]
     intx CICompilerCount                          = 12                                        {product} {ergonomic}
     uint ConcGCThreads                            = 4                                         {product} {ergonomic}
     uint G1ConcRefinementThreads                  = 15                                        {product} {ergonomic}
   size_t G1HeapRegionSize                         = 2097152                                   {product} {ergonomic}
    uintx GCDrainStackTargetSize                   = 64                                        {product} {ergonomic}
   size_t InitialHeapSize                          = 264241152                                 {product} {ergonomic}
   size_t MarkStackSize                            = 4194304                                   {product} {ergonomic}
   size_t MaxHeapSize                              = 4198498304                                {product} {ergonomic}
   size_t MinHeapDeltaBytes                        = 2097152                                   {product} {ergonomic}
   size_t MinHeapSize                              = 8388608                                   {product} {ergonomic}
    uintx NonNMethodCodeHeapSize                   = 7602480                                {pd product} {ergonomic}
    uintx NonProfiledCodeHeapSize                  = 122027880                              {pd product} {ergonomic}
    uintx ProfiledCodeHeapSize                     = 122027880                              {pd product} {ergonomic}
    uintx ReservedCodeCacheSize                    = 251658240                              {pd product} {ergonomic}
     bool SegmentedCodeCache                       = true                                      {product} {ergonomic}
     bool ShowCodeDetailsInExceptionMessages       = true                                   {manageable} {command line}
   size_t SoftMaxHeapSize                          = 4198498304                             {manageable} {ergonomic}
     bool UseCompressedClassPointers               = true                           {product lp64_product} {ergonomic}
     bool UseCompressedOops                        = true                           {product lp64_product} {ergonomic}
     bool UseG1GC                                  = true                                      {product} {ergonomic}
     bool UseLargePagesIndividualAllocation        = false                                  {pd product} {ergonomic}

Logging:
Log output configuration:
 #0: stdout all=warning uptime,level,tags
 #1: stderr all=off uptime,level,tags

Environment Variables:
JAVA_HOME=C:\D\SoftWare\JDK\java
CLASSPATH=C:\D\SoftWare\Jmeter\apache-jmeter-5.6.3\lib\ext\ApacheJMeter_core.jar;C:\D\SoftWare\Jmeter\apache-jmeter-5.6.3\lib\jorphan.jar;
PATH=C:\Windows\system32;C:\Windows;C:\Windows\System32\Wbem;C:\Windows\System32\WindowsPowerShell\v1.0\;C:\Windows\System32\OpenSSH\;C:\Program Files\dotnet\;C:\D\SoftWare\JDK\java\bin;C:\D\SoftWare\JDK\java\jre\bin;C:\D\SoftWare\Maven\apache-maven-3.9.6\bin;C:\D\SoftWare\Git\Git\cmd;C:\D\SoftWare\Nodejs\;C:\Program Files\Docker\Docker\resources\bin;C:\D\SoftWare\Jmeter\apache-jmeter-5.6.3\bin;C:\D\SoftWare\Anaconda;C:\D\SoftWare\Anaconda\Library\mingw-w64\bin;C:\D\SoftWare\Anaconda\Library\usr\bin;C:\D\SoftWare\Anaconda\Library\bin;C:\D\SoftWare\Anaconda\Scripts;C:\Users\12807\AppData\Local\Microsoft\WindowsApps;C:\D\SoftWare\Pycharm\PyCharm 2023.2.3\bin;;C:\D\SoftWare\MindStudio\MindStudio 6.0.RC3\bin;;C:\D\SoftWare\vscode\Microsoft VS Code\bin;C:\Users\12807\AppData\Roaming\npm
USERNAME=12807
LANG=en_US.UTF-8
OS=Windows_NT
PROCESSOR_IDENTIFIER=Intel64 Family 6 Model 186 Stepping 2, GenuineIntel
TMP=C:\Users\12807\AppData\Local\Temp
TEMP=C:\Users\12807\AppData\Local\Temp



Periodic native trim disabled


---------------  S Y S T E M  ---------------

OS:
 Windows 11 , 64 bit Build 22621 (10.0.22621.3527)
OS uptime: 4 days 13:55 hours
Hyper-V role detected

CPU: total 20 (initial active 20) (10 cores per cpu, 2 threads per core) family 6 model 186 stepping 2 microcode 0x411d, cx8, cmov, fxsr, ht, mmx, 3dnowpref, sse, sse2, sse3, ssse3, sse4.1, sse4.2, popcnt, lzcnt, tsc, tscinvbit, avx, avx2, aes, erms, clmul, bmi1, bmi2, adx, sha, fma, vzeroupper, clflush, clflushopt, clwb, hv
Processor Information for all 20 processors :
  Max Mhz: 2400, Current Mhz: 2400, Mhz Limit: 2400

Memory: 4k page, system-wide physical 16010M (424M free)
TotalPageFile size 62838M (AvailPageFile size 211M)
current process WorkingSet (physical memory assigned to process): 11M, peak: 11M
current process commit charge ("private bytes"): 75M, peak: 327M

vm_info: OpenJDK 64-Bit Server VM (17.0.10+7-LTS) for windows-amd64 JRE (17.0.10+7-LTS), built on Jan 10 2024 19:47:12 by "MicrosoftCorporation" with MS VC++ 16.10 / 16.11 (VS2019)

END.
