#
# There is insufficient memory for the Java Runtime Environment to continue.
# Native memory allocation (malloc) failed to allocate 73056 bytes for Chunk::new
# Possible reasons:
#   The system is out of physical RAM or swap space
#   The process is running with CompressedOops enabled, and the Java Heap may be blocking the growth of the native heap
# Possible solutions:
#   Reduce memory load on the system
#   Increase physical memory or swap space
#   Check if swap backing store is full
#   Decrease Java heap size (-Xmx/-Xms)
#   Decrease number of Java threads
#   Decrease Java thread stack sizes (-Xss)
#   Set larger code cache with -XX:ReservedCodeCacheSize=
#   JVM is running with Zero Based Compressed Oops mode in which the Java heap is
#     placed in the first 32GB address space. The Java Heap base address is the
#     maximum limit for the native heap growth. Please use -XX:HeapBaseMinAddress
#     to set the Java Heap base and to place the Java Heap above 32GB virtual address.
# This output file may be truncated or incomplete.
#
#  Out of Memory Error (arena.cpp:191), pid=20556, tid=27408
#
# JRE version: OpenJDK Runtime Environment Microsoft-8902769 (17.0.10+7) (build 17.0.10+7-LTS)
# Java VM: OpenJDK 64-Bit Server VM Microsoft-8902769 (17.0.10+7-LTS, mixed mode, tiered, compressed oops, compressed class ptrs, g1 gc, windows-amd64)
# No core dump will be written. Minidumps are not enabled by default on client versions of Windows
#

---------------  S U M M A R Y ------------

Command Line: -XX:+ShowCodeDetailsInExceptionMessages com.example.webpos.WebPosApplication

Host: 13th Gen Intel(R) Core(TM) i7-13700H, 20 cores, 15G,  Windows 11 , 64 bit Build 22621 (10.0.22621.3527)
Time: Sat May 25 11:05:21 2024  Windows 11 , 64 bit Build 22621 (10.0.22621.3527) elapsed time: 0.146949 seconds (0d 0h 0m 0s)

---------------  T H R E A D  ---------------

Current thread (0x000001ba800d6c10):  JavaThread "C2 CompilerThread0" daemon [_thread_in_native, id=27408, stack(0x000000b976f00000,0x000000b977000000)]


Current CompileTask:
C2:    146  150       4       java.util.zip.ZipCoder$UTF8ZipCoder::checkedHash (91 bytes)

Stack: [0x000000b976f00000,0x000000b977000000]
Native frames: (J=compiled Java code, j=interpreted, Vv=VM code, C=native code)
V  [jvm.dll+0x67f829]
V  [jvm.dll+0x83750a]
V  [jvm.dll+0x838fce]
V  [jvm.dll+0x839633]
V  [jvm.dll+0x247cbf]
V  [jvm.dll+0xac524]
V  [jvm.dll+0xacb6c]
V  [jvm.dll+0x368cf7]
V  [jvm.dll+0x33311a]
V  [jvm.dll+0x3325ba]
V  [jvm.dll+0x21a401]
V  [jvm.dll+0x219821]
V  [jvm.dll+0x1a5176]
V  [jvm.dll+0x22957e]
V  [jvm.dll+0x22774c]
V  [jvm.dll+0x7ec5d7]
V  [jvm.dll+0x7e69da]
V  [jvm.dll+0x67e715]
C  [ucrtbase.dll+0x29333]
C  [KERNEL32.DLL+0x1257d]
C  [ntdll.dll+0x5aa48]


---------------  P R O C E S S  ---------------

Threads class SMR info:
_java_thread_list=0x000001ba800c5460, length=15, elements={
0x000001bacf295820, 0x000001ba800a0440, 0x000001ba800a11d0, 0x000001ba80131020,
0x000001ba80132900, 0x000001ba800d5690, 0x000001ba800d5f60, 0x000001ba800d6c10,
0x000001ba800d76c0, 0x000001ba80111590, 0x000001ba803b77f0, 0x000001ba803bdd30,
0x000001ba803c4680, 0x000001ba803c71c0, 0x000001ba803db9d0
}

Java Threads: ( => current thread )
  0x000001bacf295820 JavaThread "main" [_thread_in_Java, id=29880, stack(0x000000b976200000,0x000000b976300000)]
  0x000001ba800a0440 JavaThread "Reference Handler" daemon [_thread_blocked, id=22732, stack(0x000000b976900000,0x000000b976a00000)]
  0x000001ba800a11d0 JavaThread "Finalizer" daemon [_thread_blocked, id=26060, stack(0x000000b976a00000,0x000000b976b00000)]
  0x000001ba80131020 JavaThread "Signal Dispatcher" daemon [_thread_blocked, id=13844, stack(0x000000b976b00000,0x000000b976c00000)]
  0x000001ba80132900 JavaThread "Attach Listener" daemon [_thread_blocked, id=22828, stack(0x000000b976c00000,0x000000b976d00000)]
  0x000001ba800d5690 JavaThread "Service Thread" daemon [_thread_blocked, id=29368, stack(0x000000b976d00000,0x000000b976e00000)]
  0x000001ba800d5f60 JavaThread "Monitor Deflation Thread" daemon [_thread_blocked, id=16876, stack(0x000000b976e00000,0x000000b976f00000)]
=>0x000001ba800d6c10 JavaThread "C2 CompilerThread0" daemon [_thread_in_native, id=27408, stack(0x000000b976f00000,0x000000b977000000)]
  0x000001ba800d76c0 JavaThread "C1 CompilerThread0" daemon [_thread_blocked, id=8836, stack(0x000000b977000000,0x000000b977100000)]
  0x000001ba80111590 JavaThread "Sweeper thread" daemon [_thread_blocked, id=30964, stack(0x000000b977100000,0x000000b977200000)]
  0x000001ba803b77f0 JavaThread "C1 CompilerThread1" daemon [_thread_in_native, id=22300, stack(0x000000b977200000,0x000000b977300000)]
  0x000001ba803bdd30 JavaThread "C1 CompilerThread2" daemon [_thread_blocked, id=21020, stack(0x000000b977300000,0x000000b977400000)]
  0x000001ba803c4680 JavaThread "C1 CompilerThread3" daemon [_thread_blocked, id=3308, stack(0x000000b977400000,0x000000b977500000)]
  0x000001ba803c71c0 JavaThread "Notification Thread" daemon [_thread_blocked, id=32212, stack(0x000000b977500000,0x000000b977600000)]
  0x000001ba803db9d0 JavaThread "Common-Cleaner" daemon [_thread_blocked, id=24572, stack(0x000000b977700000,0x000000b977800000)]

Other Threads:
  0x000001baf251a110 VMThread "VM Thread" [stack: 0x000000b976800000,0x000000b976900000] [id=31088]
  0x000001ba803c76a0 WatcherThread [stack: 0x000000b977600000,0x000000b977700000] [id=23608]
  0x000001bacf30a0c0 GCTaskThread "GC Thread#0" [stack: 0x000000b976300000,0x000000b976400000] [id=32000]
  0x000001bacf31aa50 ConcurrentGCThread "G1 Main Marker" [stack: 0x000000b976400000,0x000000b976500000] [id=22772]
  0x000001bacf31b470 ConcurrentGCThread "G1 Conc#0" [stack: 0x000000b976500000,0x000000b976600000] [id=9568]
  0x000001baf244adc0 ConcurrentGCThread "G1 Refine#0" [stack: 0x000000b976600000,0x000000b976700000] [id=31988]
  0x000001baf244d800 ConcurrentGCThread "G1 Service" [stack: 0x000000b976700000,0x000000b976800000] [id=32596]

Threads with active compile tasks:
C2 CompilerThread0      154  150       4       java.util.zip.ZipCoder$UTF8ZipCoder::checkedHash (91 bytes)
C1 CompilerThread1      154  181   !   3       java.lang.String::<init> (843 bytes)

VM state: not at safepoint (normal execution)

VM Mutex/Monitor currently owned by a thread: None

Heap address: 0x0000000705c00000, size: 4004 MB, Compressed Oops mode: Zero based, Oop shift amount: 3

CDS archive(s) not mapped
Compressed class space mapped at: 0x0000000800000000-0x0000000840000000, reserved size: 1073741824
Narrow klass base: 0x0000000800000000, Narrow klass shift: 0, Narrow klass range: 0x40000000

GC Precious Log:
 CPUs: 20 total, 20 available
 Memory: 16010M
 Large Page Support: Disabled
 NUMA Support: Disabled
 Compressed Oops: Enabled (Zero based)
 Heap Region Size: 2M
 Heap Min Capacity: 8M
 Heap Initial Capacity: 252M
 Heap Max Capacity: 4004M
 Pre-touch: Disabled
 Parallel Workers: 15
 Concurrent Workers: 4
 Concurrent Refinement Workers: 15
 Periodic GC: Disabled

Heap:
 garbage-first heap   total 258048K, used 2048K [0x0000000705c00000, 0x0000000800000000)
  region size 2048K, 2 young (4096K), 0 survivors (0K)
 Metaspace       used 5014K, committed 5120K, reserved 1114112K
  class space    used 418K, committed 512K, reserved 1048576K

Heap Regions: E=young(eden), S=young(survivor), O=old, HS=humongous(starts), HC=humongous(continues), CS=collection set, F=free, OA=open archive, CA=closed archive, TAMS=top-at-mark-start (previous, next)
|   0|0x0000000705c00000, 0x0000000705c00000, 0x0000000705e00000|  0%| F|  |TAMS 0x0000000705c00000, 0x0000000705c00000| Untracked 
|   1|0x0000000705e00000, 0x0000000705e00000, 0x0000000706000000|  0%| F|  |TAMS 0x0000000705e00000, 0x0000000705e00000| Untracked 
|   2|0x0000000706000000, 0x0000000706000000, 0x0000000706200000|  0%| F|  |TAMS 0x0000000706000000, 0x0000000706000000| Untracked 
|   3|0x0000000706200000, 0x0000000706200000, 0x0000000706400000|  0%| F|  |TAMS 0x0000000706200000, 0x0000000706200000| Untracked 
|   4|0x0000000706400000, 0x0000000706400000, 0x0000000706600000|  0%| F|  |TAMS 0x0000000706400000, 0x0000000706400000| Untracked 
|   5|0x0000000706600000, 0x0000000706600000, 0x0000000706800000|  0%| F|  |TAMS 0x0000000706600000, 0x0000000706600000| Untracked 
|   6|0x0000000706800000, 0x0000000706800000, 0x0000000706a00000|  0%| F|  |TAMS 0x0000000706800000, 0x0000000706800000| Untracked 
|   7|0x0000000706a00000, 0x0000000706a00000, 0x0000000706c00000|  0%| F|  |TAMS 0x0000000706a00000, 0x0000000706a00000| Untracked 
|   8|0x0000000706c00000, 0x0000000706c00000, 0x0000000706e00000|  0%| F|  |TAMS 0x0000000706c00000, 0x0000000706c00000| Untracked 
|   9|0x0000000706e00000, 0x0000000706e00000, 0x0000000707000000|  0%| F|  |TAMS 0x0000000706e00000, 0x0000000706e00000| Untracked 
|  10|0x0000000707000000, 0x0000000707000000, 0x0000000707200000|  0%| F|  |TAMS 0x0000000707000000, 0x0000000707000000| Untracked 
|  11|0x0000000707200000, 0x0000000707200000, 0x0000000707400000|  0%| F|  |TAMS 0x0000000707200000, 0x0000000707200000| Untracked 
|  12|0x0000000707400000, 0x0000000707400000, 0x0000000707600000|  0%| F|  |TAMS 0x0000000707400000, 0x0000000707400000| Untracked 
|  13|0x0000000707600000, 0x0000000707600000, 0x0000000707800000|  0%| F|  |TAMS 0x0000000707600000, 0x0000000707600000| Untracked 
|  14|0x0000000707800000, 0x0000000707800000, 0x0000000707a00000|  0%| F|  |TAMS 0x0000000707800000, 0x0000000707800000| Untracked 
|  15|0x0000000707a00000, 0x0000000707a00000, 0x0000000707c00000|  0%| F|  |TAMS 0x0000000707a00000, 0x0000000707a00000| Untracked 
|  16|0x0000000707c00000, 0x0000000707c00000, 0x0000000707e00000|  0%| F|  |TAMS 0x0000000707c00000, 0x0000000707c00000| Untracked 
|  17|0x0000000707e00000, 0x0000000707e00000, 0x0000000708000000|  0%| F|  |TAMS 0x0000000707e00000, 0x0000000707e00000| Untracked 
|  18|0x0000000708000000, 0x0000000708000000, 0x0000000708200000|  0%| F|  |TAMS 0x0000000708000000, 0x0000000708000000| Untracked 
|  19|0x0000000708200000, 0x0000000708200000, 0x0000000708400000|  0%| F|  |TAMS 0x0000000708200000, 0x0000000708200000| Untracked 
|  20|0x0000000708400000, 0x0000000708400000, 0x0000000708600000|  0%| F|  |TAMS 0x0000000708400000, 0x0000000708400000| Untracked 
|  21|0x0000000708600000, 0x0000000708600000, 0x0000000708800000|  0%| F|  |TAMS 0x0000000708600000, 0x0000000708600000| Untracked 
|  22|0x0000000708800000, 0x0000000708800000, 0x0000000708a00000|  0%| F|  |TAMS 0x0000000708800000, 0x0000000708800000| Untracked 
|  23|0x0000000708a00000, 0x0000000708a00000, 0x0000000708c00000|  0%| F|  |TAMS 0x0000000708a00000, 0x0000000708a00000| Untracked 
|  24|0x0000000708c00000, 0x0000000708c00000, 0x0000000708e00000|  0%| F|  |TAMS 0x0000000708c00000, 0x0000000708c00000| Untracked 
|  25|0x0000000708e00000, 0x0000000708e00000, 0x0000000709000000|  0%| F|  |TAMS 0x0000000708e00000, 0x0000000708e00000| Untracked 
|  26|0x0000000709000000, 0x0000000709000000, 0x0000000709200000|  0%| F|  |TAMS 0x0000000709000000, 0x0000000709000000| Untracked 
|  27|0x0000000709200000, 0x0000000709200000, 0x0000000709400000|  0%| F|  |TAMS 0x0000000709200000, 0x0000000709200000| Untracked 
|  28|0x0000000709400000, 0x0000000709400000, 0x0000000709600000|  0%| F|  |TAMS 0x0000000709400000, 0x0000000709400000| Untracked 
|  29|0x0000000709600000, 0x0000000709600000, 0x0000000709800000|  0%| F|  |TAMS 0x0000000709600000, 0x0000000709600000| Untracked 
|  30|0x0000000709800000, 0x0000000709800000, 0x0000000709a00000|  0%| F|  |TAMS 0x0000000709800000, 0x0000000709800000| Untracked 
|  31|0x0000000709a00000, 0x0000000709a00000, 0x0000000709c00000|  0%| F|  |TAMS 0x0000000709a00000, 0x0000000709a00000| Untracked 
|  32|0x0000000709c00000, 0x0000000709c00000, 0x0000000709e00000|  0%| F|  |TAMS 0x0000000709c00000, 0x0000000709c00000| Untracked 
|  33|0x0000000709e00000, 0x0000000709e00000, 0x000000070a000000|  0%| F|  |TAMS 0x0000000709e00000, 0x0000000709e00000| Untracked 
|  34|0x000000070a000000, 0x000000070a000000, 0x000000070a200000|  0%| F|  |TAMS 0x000000070a000000, 0x000000070a000000| Untracked 
|  35|0x000000070a200000, 0x000000070a200000, 0x000000070a400000|  0%| F|  |TAMS 0x000000070a200000, 0x000000070a200000| Untracked 
|  36|0x000000070a400000, 0x000000070a400000, 0x000000070a600000|  0%| F|  |TAMS 0x000000070a400000, 0x000000070a400000| Untracked 
|  37|0x000000070a600000, 0x000000070a600000, 0x000000070a800000|  0%| F|  |TAMS 0x000000070a600000, 0x000000070a600000| Untracked 
|  38|0x000000070a800000, 0x000000070a800000, 0x000000070aa00000|  0%| F|  |TAMS 0x000000070a800000, 0x000000070a800000| Untracked 
|  39|0x000000070aa00000, 0x000000070aa00000, 0x000000070ac00000|  0%| F|  |TAMS 0x000000070aa00000, 0x000000070aa00000| Untracked 
|  40|0x000000070ac00000, 0x000000070ac00000, 0x000000070ae00000|  0%| F|  |TAMS 0x000000070ac00000, 0x000000070ac00000| Untracked 
|  41|0x000000070ae00000, 0x000000070ae00000, 0x000000070b000000|  0%| F|  |TAMS 0x000000070ae00000, 0x000000070ae00000| Untracked 
|  42|0x000000070b000000, 0x000000070b000000, 0x000000070b200000|  0%| F|  |TAMS 0x000000070b000000, 0x000000070b000000| Untracked 
|  43|0x000000070b200000, 0x000000070b200000, 0x000000070b400000|  0%| F|  |TAMS 0x000000070b200000, 0x000000070b200000| Untracked 
|  44|0x000000070b400000, 0x000000070b400000, 0x000000070b600000|  0%| F|  |TAMS 0x000000070b400000, 0x000000070b400000| Untracked 
|  45|0x000000070b600000, 0x000000070b600000, 0x000000070b800000|  0%| F|  |TAMS 0x000000070b600000, 0x000000070b600000| Untracked 
|  46|0x000000070b800000, 0x000000070b800000, 0x000000070ba00000|  0%| F|  |TAMS 0x000000070b800000, 0x000000070b800000| Untracked 
|  47|0x000000070ba00000, 0x000000070ba00000, 0x000000070bc00000|  0%| F|  |TAMS 0x000000070ba00000, 0x000000070ba00000| Untracked 
|  48|0x000000070bc00000, 0x000000070bc00000, 0x000000070be00000|  0%| F|  |TAMS 0x000000070bc00000, 0x000000070bc00000| Untracked 
|  49|0x000000070be00000, 0x000000070be00000, 0x000000070c000000|  0%| F|  |TAMS 0x000000070be00000, 0x000000070be00000| Untracked 
|  50|0x000000070c000000, 0x000000070c000000, 0x000000070c200000|  0%| F|  |TAMS 0x000000070c000000, 0x000000070c000000| Untracked 
|  51|0x000000070c200000, 0x000000070c200000, 0x000000070c400000|  0%| F|  |TAMS 0x000000070c200000, 0x000000070c200000| Untracked 
|  52|0x000000070c400000, 0x000000070c400000, 0x000000070c600000|  0%| F|  |TAMS 0x000000070c400000, 0x000000070c400000| Untracked 
|  53|0x000000070c600000, 0x000000070c600000, 0x000000070c800000|  0%| F|  |TAMS 0x000000070c600000, 0x000000070c600000| Untracked 
|  54|0x000000070c800000, 0x000000070c800000, 0x000000070ca00000|  0%| F|  |TAMS 0x000000070c800000, 0x000000070c800000| Untracked 
|  55|0x000000070ca00000, 0x000000070ca00000, 0x000000070cc00000|  0%| F|  |TAMS 0x000000070ca00000, 0x000000070ca00000| Untracked 
|  56|0x000000070cc00000, 0x000000070cc00000, 0x000000070ce00000|  0%| F|  |TAMS 0x000000070cc00000, 0x000000070cc00000| Untracked 
|  57|0x000000070ce00000, 0x000000070ce00000, 0x000000070d000000|  0%| F|  |TAMS 0x000000070ce00000, 0x000000070ce00000| Untracked 
|  58|0x000000070d000000, 0x000000070d000000, 0x000000070d200000|  0%| F|  |TAMS 0x000000070d000000, 0x000000070d000000| Untracked 
|  59|0x000000070d200000, 0x000000070d200000, 0x000000070d400000|  0%| F|  |TAMS 0x000000070d200000, 0x000000070d200000| Untracked 
|  60|0x000000070d400000, 0x000000070d400000, 0x000000070d600000|  0%| F|  |TAMS 0x000000070d400000, 0x000000070d400000| Untracked 
|  61|0x000000070d600000, 0x000000070d600000, 0x000000070d800000|  0%| F|  |TAMS 0x000000070d600000, 0x000000070d600000| Untracked 
|  62|0x000000070d800000, 0x000000070d800000, 0x000000070da00000|  0%| F|  |TAMS 0x000000070d800000, 0x000000070d800000| Untracked 
|  63|0x000000070da00000, 0x000000070da00000, 0x000000070dc00000|  0%| F|  |TAMS 0x000000070da00000, 0x000000070da00000| Untracked 
|  64|0x000000070dc00000, 0x000000070dc00000, 0x000000070de00000|  0%| F|  |TAMS 0x000000070dc00000, 0x000000070dc00000| Untracked 
|  65|0x000000070de00000, 0x000000070de00000, 0x000000070e000000|  0%| F|  |TAMS 0x000000070de00000, 0x000000070de00000| Untracked 
|  66|0x000000070e000000, 0x000000070e000000, 0x000000070e200000|  0%| F|  |TAMS 0x000000070e000000, 0x000000070e000000| Untracked 
|  67|0x000000070e200000, 0x000000070e200000, 0x000000070e400000|  0%| F|  |TAMS 0x000000070e200000, 0x000000070e200000| Untracked 
|  68|0x000000070e400000, 0x000000070e400000, 0x000000070e600000|  0%| F|  |TAMS 0x000000070e400000, 0x000000070e400000| Untracked 
|  69|0x000000070e600000, 0x000000070e600000, 0x000000070e800000|  0%| F|  |TAMS 0x000000070e600000, 0x000000070e600000| Untracked 
|  70|0x000000070e800000, 0x000000070e800000, 0x000000070ea00000|  0%| F|  |TAMS 0x000000070e800000, 0x000000070e800000| Untracked 
|  71|0x000000070ea00000, 0x000000070ea00000, 0x000000070ec00000|  0%| F|  |TAMS 0x000000070ea00000, 0x000000070ea00000| Untracked 
|  72|0x000000070ec00000, 0x000000070ec00000, 0x000000070ee00000|  0%| F|  |TAMS 0x000000070ec00000, 0x000000070ec00000| Untracked 
|  73|0x000000070ee00000, 0x000000070ee00000, 0x000000070f000000|  0%| F|  |TAMS 0x000000070ee00000, 0x000000070ee00000| Untracked 
|  74|0x000000070f000000, 0x000000070f000000, 0x000000070f200000|  0%| F|  |TAMS 0x000000070f000000, 0x000000070f000000| Untracked 
|  75|0x000000070f200000, 0x000000070f200000, 0x000000070f400000|  0%| F|  |TAMS 0x000000070f200000, 0x000000070f200000| Untracked 
|  76|0x000000070f400000, 0x000000070f400000, 0x000000070f600000|  0%| F|  |TAMS 0x000000070f400000, 0x000000070f400000| Untracked 
|  77|0x000000070f600000, 0x000000070f600000, 0x000000070f800000|  0%| F|  |TAMS 0x000000070f600000, 0x000000070f600000| Untracked 
|  78|0x000000070f800000, 0x000000070f800000, 0x000000070fa00000|  0%| F|  |TAMS 0x000000070f800000, 0x000000070f800000| Untracked 
|  79|0x000000070fa00000, 0x000000070fa00000, 0x000000070fc00000|  0%| F|  |TAMS 0x000000070fa00000, 0x000000070fa00000| Untracked 
|  80|0x000000070fc00000, 0x000000070fc00000, 0x000000070fe00000|  0%| F|  |TAMS 0x000000070fc00000, 0x000000070fc00000| Untracked 
|  81|0x000000070fe00000, 0x000000070fe00000, 0x0000000710000000|  0%| F|  |TAMS 0x000000070fe00000, 0x000000070fe00000| Untracked 
|  82|0x0000000710000000, 0x0000000710000000, 0x0000000710200000|  0%| F|  |TAMS 0x0000000710000000, 0x0000000710000000| Untracked 
|  83|0x0000000710200000, 0x0000000710200000, 0x0000000710400000|  0%| F|  |TAMS 0x0000000710200000, 0x0000000710200000| Untracked 
|  84|0x0000000710400000, 0x0000000710400000, 0x0000000710600000|  0%| F|  |TAMS 0x0000000710400000, 0x0000000710400000| Untracked 
|  85|0x0000000710600000, 0x0000000710600000, 0x0000000710800000|  0%| F|  |TAMS 0x0000000710600000, 0x0000000710600000| Untracked 
|  86|0x0000000710800000, 0x0000000710800000, 0x0000000710a00000|  0%| F|  |TAMS 0x0000000710800000, 0x0000000710800000| Untracked 
|  87|0x0000000710a00000, 0x0000000710a00000, 0x0000000710c00000|  0%| F|  |TAMS 0x0000000710a00000, 0x0000000710a00000| Untracked 
|  88|0x0000000710c00000, 0x0000000710c00000, 0x0000000710e00000|  0%| F|  |TAMS 0x0000000710c00000, 0x0000000710c00000| Untracked 
|  89|0x0000000710e00000, 0x0000000710e00000, 0x0000000711000000|  0%| F|  |TAMS 0x0000000710e00000, 0x0000000710e00000| Untracked 
|  90|0x0000000711000000, 0x0000000711000000, 0x0000000711200000|  0%| F|  |TAMS 0x0000000711000000, 0x0000000711000000| Untracked 
|  91|0x0000000711200000, 0x0000000711200000, 0x0000000711400000|  0%| F|  |TAMS 0x0000000711200000, 0x0000000711200000| Untracked 
|  92|0x0000000711400000, 0x0000000711400000, 0x0000000711600000|  0%| F|  |TAMS 0x0000000711400000, 0x0000000711400000| Untracked 
|  93|0x0000000711600000, 0x0000000711600000, 0x0000000711800000|  0%| F|  |TAMS 0x0000000711600000, 0x0000000711600000| Untracked 
|  94|0x0000000711800000, 0x0000000711800000, 0x0000000711a00000|  0%| F|  |TAMS 0x0000000711800000, 0x0000000711800000| Untracked 
|  95|0x0000000711a00000, 0x0000000711a00000, 0x0000000711c00000|  0%| F|  |TAMS 0x0000000711a00000, 0x0000000711a00000| Untracked 
|  96|0x0000000711c00000, 0x0000000711c00000, 0x0000000711e00000|  0%| F|  |TAMS 0x0000000711c00000, 0x0000000711c00000| Untracked 
|  97|0x0000000711e00000, 0x0000000711e00000, 0x0000000712000000|  0%| F|  |TAMS 0x0000000711e00000, 0x0000000711e00000| Untracked 
|  98|0x0000000712000000, 0x0000000712000000, 0x0000000712200000|  0%| F|  |TAMS 0x0000000712000000, 0x0000000712000000| Untracked 
|  99|0x0000000712200000, 0x0000000712200000, 0x0000000712400000|  0%| F|  |TAMS 0x0000000712200000, 0x0000000712200000| Untracked 
| 100|0x0000000712400000, 0x0000000712400000, 0x0000000712600000|  0%| F|  |TAMS 0x0000000712400000, 0x0000000712400000| Untracked 
| 101|0x0000000712600000, 0x0000000712600000, 0x0000000712800000|  0%| F|  |TAMS 0x0000000712600000, 0x0000000712600000| Untracked 
| 102|0x0000000712800000, 0x0000000712800000, 0x0000000712a00000|  0%| F|  |TAMS 0x0000000712800000, 0x0000000712800000| Untracked 
| 103|0x0000000712a00000, 0x0000000712a00000, 0x0000000712c00000|  0%| F|  |TAMS 0x0000000712a00000, 0x0000000712a00000| Untracked 
| 104|0x0000000712c00000, 0x0000000712c00000, 0x0000000712e00000|  0%| F|  |TAMS 0x0000000712c00000, 0x0000000712c00000| Untracked 
| 105|0x0000000712e00000, 0x0000000712e00000, 0x0000000713000000|  0%| F|  |TAMS 0x0000000712e00000, 0x0000000712e00000| Untracked 
| 106|0x0000000713000000, 0x0000000713000000, 0x0000000713200000|  0%| F|  |TAMS 0x0000000713000000, 0x0000000713000000| Untracked 
| 107|0x0000000713200000, 0x0000000713200000, 0x0000000713400000|  0%| F|  |TAMS 0x0000000713200000, 0x0000000713200000| Untracked 
| 108|0x0000000713400000, 0x0000000713400000, 0x0000000713600000|  0%| F|  |TAMS 0x0000000713400000, 0x0000000713400000| Untracked 
| 109|0x0000000713600000, 0x0000000713600000, 0x0000000713800000|  0%| F|  |TAMS 0x0000000713600000, 0x0000000713600000| Untracked 
| 110|0x0000000713800000, 0x0000000713800000, 0x0000000713a00000|  0%| F|  |TAMS 0x0000000713800000, 0x0000000713800000| Untracked 
| 111|0x0000000713a00000, 0x0000000713a00000, 0x0000000713c00000|  0%| F|  |TAMS 0x0000000713a00000, 0x0000000713a00000| Untracked 
| 112|0x0000000713c00000, 0x0000000713c00000, 0x0000000713e00000|  0%| F|  |TAMS 0x0000000713c00000, 0x0000000713c00000| Untracked 
| 113|0x0000000713e00000, 0x0000000713e00000, 0x0000000714000000|  0%| F|  |TAMS 0x0000000713e00000, 0x0000000713e00000| Untracked 
| 114|0x0000000714000000, 0x0000000714000000, 0x0000000714200000|  0%| F|  |TAMS 0x0000000714000000, 0x0000000714000000| Untracked 
| 115|0x0000000714200000, 0x0000000714200000, 0x0000000714400000|  0%| F|  |TAMS 0x0000000714200000, 0x0000000714200000| Untracked 
| 116|0x0000000714400000, 0x0000000714400000, 0x0000000714600000|  0%| F|  |TAMS 0x0000000714400000, 0x0000000714400000| Untracked 
| 117|0x0000000714600000, 0x0000000714600000, 0x0000000714800000|  0%| F|  |TAMS 0x0000000714600000, 0x0000000714600000| Untracked 
| 118|0x0000000714800000, 0x0000000714800000, 0x0000000714a00000|  0%| F|  |TAMS 0x0000000714800000, 0x0000000714800000| Untracked 
| 119|0x0000000714a00000, 0x0000000714a00000, 0x0000000714c00000|  0%| F|  |TAMS 0x0000000714a00000, 0x0000000714a00000| Untracked 
| 120|0x0000000714c00000, 0x0000000714c00000, 0x0000000714e00000|  0%| F|  |TAMS 0x0000000714c00000, 0x0000000714c00000| Untracked 
| 121|0x0000000714e00000, 0x0000000714e00000, 0x0000000715000000|  0%| F|  |TAMS 0x0000000714e00000, 0x0000000714e00000| Untracked 
| 122|0x0000000715000000, 0x0000000715000000, 0x0000000715200000|  0%| F|  |TAMS 0x0000000715000000, 0x0000000715000000| Untracked 
| 123|0x0000000715200000, 0x000000071527f8a8, 0x0000000715400000| 24%| E|  |TAMS 0x0000000715200000, 0x0000000715200000| Complete 
| 124|0x0000000715400000, 0x0000000715600000, 0x0000000715600000|100%| E|CS|TAMS 0x0000000715400000, 0x0000000715400000| Complete 
| 125|0x0000000715600000, 0x0000000715800000, 0x0000000715800000|100%| E|CS|TAMS 0x0000000715600000, 0x0000000715600000| Complete 

Card table byte_map: [0x000001bae7020000,0x000001bae7800000] _byte_map_base: 0x000001bae37f2000

Marking Bits (Prev, Next): (CMBitMap*) 0x000001bacf30a6e0, (CMBitMap*) 0x000001bacf30a720
 Prev Bits: [0x000001bae7fe0000, 0x000001baebe70000)
 Next Bits: [0x000001baebe70000, 0x000001baefd00000)

Polling page: 0x000001bacd1d0000

Metaspace:

Usage:
  Non-class:      4.49 MB used.
      Class:    418.83 KB used.
       Both:      4.90 MB used.

Virtual space:
  Non-class space:       64.00 MB reserved,       4.50 MB (  7%) committed,  1 nodes.
      Class space:        1.00 GB reserved,     512.00 KB ( <1%) committed,  1 nodes.
             Both:        1.06 GB reserved,       5.00 MB ( <1%) committed. 

Chunk freelists:
   Non-Class:  10.94 MB
       Class:  15.55 MB
        Both:  26.48 MB

MaxMetaspaceSize: unlimited
CompressedClassSpaceSize: 1.00 GB
Initial GC threshold: 21.00 MB
Current GC threshold: 21.00 MB
CDS: off
MetaspaceReclaimPolicy: balanced
 - commit_granule_bytes: 65536.
 - commit_granule_words: 8192.
 - virtual_space_node_default_size: 8388608.
 - enlarge_chunks_in_place: 1.
 - new_chunks_are_fully_committed: 0.
 - uncommit_free_chunks: 1.
 - use_allocation_guard: 0.
 - handle_deallocations: 1.


Internal statistics:

num_allocs_failed_limit: 0.
num_arena_births: 4.
num_arena_deaths: 0.
num_vsnodes_births: 2.
num_vsnodes_deaths: 0.
num_space_committed: 80.
num_space_uncommitted: 0.
num_chunks_returned_to_freelist: 0.
num_chunks_taken_from_freelist: 15.
num_chunk_merges: 0.
num_chunk_splits: 4.
num_chunks_enlarged: 1.
num_inconsistent_stats: 0.

CodeHeap 'non-profiled nmethods': size=119168Kb used=35Kb max_used=35Kb free=119132Kb
 bounds [0x000001bade930000, 0x000001badeba0000, 0x000001bae5d90000]
CodeHeap 'profiled nmethods': size=119104Kb used=305Kb max_used=305Kb free=118799Kb
 bounds [0x000001bad6d90000, 0x000001bad7000000, 0x000001bade1e0000]
CodeHeap 'non-nmethods': size=7488Kb used=2751Kb max_used=2765Kb free=4736Kb
 bounds [0x000001bade1e0000, 0x000001bade4a0000, 0x000001bade930000]
 total_blobs=514 nmethods=187 adapters=237
 compilation: enabled
              stopped_count=0, restarted_count=0
 full_count=0

Compilation events (20 events):
Event: 0.139 Thread 0x000001ba803c4680 nmethod 140 0x000001bad6dc5610 code [0x000001bad6dc57c0, 0x000001bad6dc5cd8]
Event: 0.139 Thread 0x000001ba803b77f0 nmethod 143 0x000001bad6dc5e90 code [0x000001bad6dc6040, 0x000001bad6dc6328]
Event: 0.140 Thread 0x000001ba800d6c10 nmethod 131 0x000001bade936190 code [0x000001bade936300, 0x000001bade9363b8]
Event: 0.140 Thread 0x000001ba800d6c10  142 %     4       java.util.zip.ZipCoder$UTF8ZipCoder::checkedHash @ 14 (91 bytes)
Event: 0.140 Thread 0x000001ba803bdd30 nmethod 138 0x000001bad6dc6490 code [0x000001bad6dc6840, 0x000001bad6dc7ee8]
Event: 0.142 Thread 0x000001ba803bdd30  144       3       java.lang.System::getSecurityManager (12 bytes)
Event: 0.142 Thread 0x000001ba803c4680  145       3       java.lang.System::allowSecurityManager (13 bytes)
Event: 0.142 Thread 0x000001ba803bdd30 nmethod 144 0x000001bad6dc8b90 code [0x000001bad6dc8d20, 0x000001bad6dc8eb8]
Event: 0.142 Thread 0x000001ba803c4680 nmethod 145 0x000001bad6dc8f90 code [0x000001bad6dc9120, 0x000001bad6dc9238]
Event: 0.142 Thread 0x000001ba800d6c10 nmethod 142% 0x000001bade936490 code [0x000001bade936620, 0x000001bade936978]
Event: 0.142 Thread 0x000001ba803c4680  146       3       java.lang.String::checkBoundsBeginEnd (63 bytes)
Event: 0.142 Thread 0x000001ba803c4680 nmethod 146 0x000001bad6dc9290 code [0x000001bad6dc9520, 0x000001bad6dc9e18]
Event: 0.142 Thread 0x000001ba803c4680  148       3       java.lang.AbstractStringBuilder::newCapacity (59 bytes)
Event: 0.142 Thread 0x000001ba803b77f0  147       3       jdk.internal.util.ArraysSupport::newLength (27 bytes)
Event: 0.143 Thread 0x000001ba800d6c10  149       4       java.lang.StringLatin1::indexOfChar (33 bytes)
Event: 0.143 Thread 0x000001ba803b77f0 nmethod 147 0x000001bad6dca190 code [0x000001bad6dca340, 0x000001bad6dca5a8]
Event: 0.143 Thread 0x000001ba803c4680 nmethod 148 0x000001bad6dca690 code [0x000001bad6dca860, 0x000001bad6dcac58]
Event: 0.144 Thread 0x000001ba800d6c10 nmethod 149 0x000001bade936b10 code [0x000001bade936c80, 0x000001bade936df8]
Event: 0.144 Thread 0x000001ba800d6c10  150       4       java.util.zip.ZipCoder$UTF8ZipCoder::checkedHash (91 bytes)
Event: 0.145 Thread 0x000001ba803b77f0  152       3       java.util.HashMap::get (19 bytes)

GC Heap History (0 events):
No events

Dll operation events (5 events):
Event: 0.005 Loaded shared library C:\D\SoftWare\JDK\java\bin\java.dll
Event: 0.031 Loaded shared library C:\D\SoftWare\JDK\java\bin\jsvml.dll
Event: 0.131 Loaded shared library C:\D\SoftWare\JDK\java\bin\net.dll
Event: 0.131 Loaded shared library C:\D\SoftWare\JDK\java\bin\nio.dll
Event: 0.137 Loaded shared library C:\D\SoftWare\JDK\java\bin\zip.dll

Deoptimization events (20 events):
Event: 0.143 Thread 0x000001bacf295820 DEOPT PACKING pc=0x000001bad6dc278c sp=0x000000b9762fa2b0
Event: 0.143 Thread 0x000001bacf295820 DEOPT UNPACKING pc=0x000001bade237143 sp=0x000000b9762f9740 mode 0
Event: 0.143 Thread 0x000001bacf295820 DEOPT PACKING pc=0x000001bad6dc278c sp=0x000000b9762fa2b0
Event: 0.143 Thread 0x000001bacf295820 DEOPT UNPACKING pc=0x000001bade237143 sp=0x000000b9762f9740 mode 0
Event: 0.143 Thread 0x000001bacf295820 DEOPT PACKING pc=0x000001bad6dc278c sp=0x000000b9762fa2b0
Event: 0.143 Thread 0x000001bacf295820 DEOPT UNPACKING pc=0x000001bade237143 sp=0x000000b9762f9740 mode 0
Event: 0.143 Thread 0x000001bacf295820 DEOPT PACKING pc=0x000001bad6dc278c sp=0x000000b9762fa2b0
Event: 0.143 Thread 0x000001bacf295820 DEOPT UNPACKING pc=0x000001bade237143 sp=0x000000b9762f9740 mode 0
Event: 0.143 Thread 0x000001bacf295820 DEOPT PACKING pc=0x000001bad6dc278c sp=0x000000b9762fa2b0
Event: 0.143 Thread 0x000001bacf295820 DEOPT UNPACKING pc=0x000001bade237143 sp=0x000000b9762f9740 mode 0
Event: 0.143 Thread 0x000001bacf295820 DEOPT PACKING pc=0x000001bad6dc278c sp=0x000000b9762fa2b0
Event: 0.143 Thread 0x000001bacf295820 DEOPT UNPACKING pc=0x000001bade237143 sp=0x000000b9762f9740 mode 0
Event: 0.143 Thread 0x000001bacf295820 DEOPT PACKING pc=0x000001bad6dc278c sp=0x000000b9762fa2b0
Event: 0.143 Thread 0x000001bacf295820 DEOPT UNPACKING pc=0x000001bade237143 sp=0x000000b9762f9740 mode 0
Event: 0.143 Thread 0x000001bacf295820 DEOPT PACKING pc=0x000001bad6dc278c sp=0x000000b9762fa2b0
Event: 0.143 Thread 0x000001bacf295820 DEOPT UNPACKING pc=0x000001bade237143 sp=0x000000b9762f9740 mode 0
Event: 0.143 Thread 0x000001bacf295820 DEOPT PACKING pc=0x000001bad6dc278c sp=0x000000b9762fa2b0
Event: 0.143 Thread 0x000001bacf295820 DEOPT UNPACKING pc=0x000001bade237143 sp=0x000000b9762f9740 mode 0
Event: 0.144 Thread 0x000001bacf295820 DEOPT PACKING pc=0x000001bad6dc278c sp=0x000000b9762fa2b0
Event: 0.144 Thread 0x000001bacf295820 DEOPT UNPACKING pc=0x000001bade237143 sp=0x000000b9762f9740 mode 0

Classes unloaded (0 events):
No events

Classes redefined (0 events):
No events

Internal exceptions (0 events):
No events

VM Operations (2 events):
Event: 0.140 Executing VM operation: HandshakeAllThreads
Event: 0.140 Executing VM operation: HandshakeAllThreads done

Events (20 events):
Event: 0.142 loading class java/util/concurrent/ConcurrentHashMap$ForwardingNode
Event: 0.142 loading class java/util/concurrent/ConcurrentHashMap$ForwardingNode done
Event: 0.144 loading class java/io/BufferedReader
Event: 0.144 loading class java/io/Reader
Event: 0.144 loading class java/io/Reader done
Event: 0.144 loading class java/io/BufferedReader done
Event: 0.144 loading class java/io/InputStreamReader
Event: 0.144 loading class java/io/InputStreamReader done
Event: 0.144 loading class sun/nio/cs/StreamDecoder
Event: 0.144 loading class sun/nio/cs/StreamDecoder done
Event: 0.144 loading class sun/nio/cs/UTF_8$Decoder
Event: 0.144 loading class sun/nio/cs/UTF_8$Decoder done
Event: 0.144 loading class java/util/Vector
Event: 0.144 loading class java/util/Vector done
Event: 0.145 loading class java/util/LinkedList
Event: 0.145 loading class java/util/AbstractSequentialList
Event: 0.145 loading class java/util/AbstractSequentialList done
Event: 0.145 loading class java/util/LinkedList done
Event: 0.145 loading class java/util/LinkedList$Node
Event: 0.145 loading class java/util/LinkedList$Node done


Dynamic libraries:
0x00007ff78cf50000 - 0x00007ff78cf5e000 	C:\D\SoftWare\JDK\java\bin\java.exe
0x00007ffc84cd0000 - 0x00007ffc84ee7000 	C:\Windows\SYSTEM32\ntdll.dll
0x00007ffc84170000 - 0x00007ffc84234000 	C:\Windows\System32\KERNEL32.DLL
0x00007ffc81ff0000 - 0x00007ffc82397000 	C:\Windows\System32\KERNELBASE.dll
0x00007ffc82470000 - 0x00007ffc82581000 	C:\Windows\System32\ucrtbase.dll
0x00007ffc74650000 - 0x00007ffc74667000 	C:\D\SoftWare\JDK\java\bin\jli.dll
0x00007ffc77400000 - 0x00007ffc7741b000 	C:\D\SoftWare\JDK\java\bin\VCRUNTIME140.dll
0x00007ffc82ac0000 - 0x00007ffc82c6e000 	C:\Windows\System32\USER32.dll
0x00007ffc823a0000 - 0x00007ffc823c6000 	C:\Windows\System32\win32u.dll
0x00007ffc72880000 - 0x00007ffc72b13000 	C:\Windows\WinSxS\amd64_microsoft.windows.common-controls_6595b64144ccf1df_6.0.22621.3527_none_270e469b73872a76\COMCTL32.dll
0x00007ffc83c10000 - 0x00007ffc83c39000 	C:\Windows\System32\GDI32.dll
0x00007ffc83170000 - 0x00007ffc83217000 	C:\Windows\System32\msvcrt.dll
0x00007ffc82770000 - 0x00007ffc82889000 	C:\Windows\System32\gdi32full.dll
0x00007ffc823d0000 - 0x00007ffc8246a000 	C:\Windows\System32\msvcp_win.dll
0x00007ffc840d0000 - 0x00007ffc84101000 	C:\Windows\System32\IMM32.DLL
0x00007ffc7cbe0000 - 0x00007ffc7cbec000 	C:\D\SoftWare\JDK\java\bin\vcruntime140_1.dll
0x00007ffc47d40000 - 0x00007ffc47dcd000 	C:\D\SoftWare\JDK\java\bin\msvcp140.dll
0x00007ffbe84d0000 - 0x00007ffbe9135000 	C:\D\SoftWare\JDK\java\bin\server\jvm.dll
0x00007ffc83e00000 - 0x00007ffc83eb2000 	C:\Windows\System32\ADVAPI32.dll
0x00007ffc82a00000 - 0x00007ffc82aa8000 	C:\Windows\System32\sechost.dll
0x00007ffc82890000 - 0x00007ffc828b8000 	C:\Windows\System32\bcrypt.dll
0x00007ffc848f0000 - 0x00007ffc84a05000 	C:\Windows\System32\RPCRT4.dll
0x00007ffc78cb0000 - 0x00007ffc78ce4000 	C:\Windows\SYSTEM32\WINMM.dll
0x00007ffc78eb0000 - 0x00007ffc78eb9000 	C:\Windows\SYSTEM32\WSOCK32.dll
0x00007ffc80e40000 - 0x00007ffc80e8d000 	C:\Windows\SYSTEM32\POWRPROF.dll
0x00007ffc78aa0000 - 0x00007ffc78aaa000 	C:\Windows\SYSTEM32\VERSION.dll
0x00007ffc84780000 - 0x00007ffc847f1000 	C:\Windows\System32\WS2_32.dll
0x00007ffc80e20000 - 0x00007ffc80e33000 	C:\Windows\SYSTEM32\UMPDC.dll
0x00007ffc810e0000 - 0x00007ffc810f8000 	C:\Windows\SYSTEM32\kernel.appcore.dll
0x00007ffc74640000 - 0x00007ffc7464a000 	C:\D\SoftWare\JDK\java\bin\jimage.dll
0x00007ffc7f610000 - 0x00007ffc7f842000 	C:\Windows\SYSTEM32\DBGHELP.DLL
0x00007ffc84240000 - 0x00007ffc845c8000 	C:\Windows\System32\combase.dll
0x00007ffc84800000 - 0x00007ffc848d7000 	C:\Windows\System32\OLEAUT32.dll
0x00007ffc771b0000 - 0x00007ffc771e2000 	C:\Windows\SYSTEM32\dbgcore.DLL
0x00007ffc82980000 - 0x00007ffc829f9000 	C:\Windows\System32\bcryptPrimitives.dll
0x00007ffc6b6c0000 - 0x00007ffc6b6e5000 	C:\D\SoftWare\JDK\java\bin\java.dll
0x00007ffc097e0000 - 0x00007ffc098b7000 	C:\D\SoftWare\JDK\java\bin\jsvml.dll
0x00007ffc832b0000 - 0x00007ffc83b0c000 	C:\Windows\System32\SHELL32.dll
0x00007ffc7fef0000 - 0x00007ffc807e6000 	C:\Windows\SYSTEM32\windows.storage.dll
0x00007ffc7fdb0000 - 0x00007ffc7feee000 	C:\Windows\SYSTEM32\wintypes.dll
0x00007ffc84b90000 - 0x00007ffc84c85000 	C:\Windows\System32\SHCORE.dll
0x00007ffc84110000 - 0x00007ffc8416e000 	C:\Windows\System32\shlwapi.dll
0x00007ffc81f20000 - 0x00007ffc81f41000 	C:\Windows\SYSTEM32\profapi.dll
0x00007ffc6b6a0000 - 0x00007ffc6b6b9000 	C:\D\SoftWare\JDK\java\bin\net.dll
0x00007ffc7b6c0000 - 0x00007ffc7b7f6000 	C:\Windows\SYSTEM32\WINHTTP.dll
0x00007ffc81570000 - 0x00007ffc815d9000 	C:\Windows\system32\mswsock.dll
0x00007ffc6b680000 - 0x00007ffc6b696000 	C:\D\SoftWare\JDK\java\bin\nio.dll
0x00007ffc6b660000 - 0x00007ffc6b678000 	C:\D\SoftWare\JDK\java\bin\zip.dll

dbghelp: loaded successfully - version: 4.0.5 - missing functions: none
symbol engine: initialized successfully - sym options: 0x614 - pdb path: .;C:\D\SoftWare\JDK\java\bin;C:\Windows\SYSTEM32;C:\Windows\WinSxS\amd64_microsoft.windows.common-controls_6595b64144ccf1df_6.0.22621.3527_none_270e469b73872a76;C:\D\SoftWare\JDK\java\bin\server

VM Arguments:
jvm_args: -XX:+ShowCodeDetailsInExceptionMessages 
java_command: com.example.webpos.WebPosApplication
java_class_path (initial): C:\D\Lesson\Software_structure\aw9\spring-webpos-product\target\classes;C:\Users\12807\.m2\repository\org\springframework\boot\spring-boot-starter-webflux\3.0.5\spring-boot-starter-webflux-3.0.5.jar;C:\Users\12807\.m2\repository\org\springframework\boot\spring-boot-starter\3.0.5\spring-boot-starter-3.0.5.jar;C:\Users\12807\.m2\repository\org\springframework\boot\spring-boot\3.0.5\spring-boot-3.0.5.jar;C:\Users\12807\.m2\repository\org\springframework\boot\spring-boot-autoconfigure\3.0.5\spring-boot-autoconfigure-3.0.5.jar;C:\Users\12807\.m2\repository\org\springframework\boot\spring-boot-starter-logging\3.0.5\spring-boot-starter-logging-3.0.5.jar;C:\Users\12807\.m2\repository\ch\qos\logback\logback-classic\1.4.6\logback-classic-1.4.6.jar;C:\Users\12807\.m2\repository\ch\qos\logback\logback-core\1.4.6\logback-core-1.4.6.jar;C:\Users\12807\.m2\repository\org\apache\logging\log4j\log4j-to-slf4j\2.19.0\log4j-to-slf4j-2.19.0.jar;C:\Users\12807\.m2\repository\org\apache\logging\log4j\log4j-api\2.19.0\log4j-api-2.19.0.jar;C:\Users\12807\.m2\repository\org\slf4j\jul-to-slf4j\2.0.7\jul-to-slf4j-2.0.7.jar;C:\Users\12807\.m2\repository\jakarta\annotation\jakarta.annotation-api\2.1.1\jakarta.annotation-api-2.1.1.jar;C:\Users\12807\.m2\repository\org\springframework\spring-core\6.0.7\spring-core-6.0.7.jar;C:\Users\12807\.m2\repository\org\springframework\spring-jcl\6.0.7\spring-jcl-6.0.7.jar;C:\Users\12807\.m2\repository\org\yaml\snakeyaml\1.33\snakeyaml-1.33.jar;C:\Users\12807\.m2\repository\org\springframework\boot\spring-boot-starter-json\3.0.5\spring-boot-starter-json-3.0.5.jar;C:\Users\12807\.m2\repository\com\fasterxml\jackson\datatype\jackson-datatype-jdk8\2.14.2\jackson-datatype-jdk8-2.14.2.jar;C:\Users\12807\.m2\repository\com\fasterxml\jackson\module\jackson-module-parameter-names\2.14.2\jackson-module-parameter-names-2.14.2.jar;C:\Users\12807\.m2\repository\org\springframework\boot\spring-boot-starter-reactor-netty\3.0.5\spring-boot-starte
Launcher Type: SUN_STANDARD

[Global flags]
     intx CICompilerCount                          = 12                                        {product} {ergonomic}
     uint ConcGCThreads                            = 4                                         {product} {ergonomic}
     uint G1ConcRefinementThreads                  = 15                                        {product} {ergonomic}
   size_t G1HeapRegionSize                         = 2097152                                   {product} {ergonomic}
    uintx GCDrainStackTargetSize                   = 64                                        {product} {ergonomic}
   size_t InitialHeapSize                          = 264241152                                 {product} {ergonomic}
   size_t MarkStackSize                            = 4194304                                   {product} {ergonomic}
   size_t MaxHeapSize                              = 4198498304                                {product} {ergonomic}
   size_t MaxNewSize                               = 2518679552                                {product} {ergonomic}
   size_t MinHeapDeltaBytes                        = 2097152                                   {product} {ergonomic}
   size_t MinHeapSize                              = 8388608                                   {product} {ergonomic}
    uintx NonNMethodCodeHeapSize                   = 7602480                                {pd product} {ergonomic}
    uintx NonProfiledCodeHeapSize                  = 122027880                              {pd product} {ergonomic}
    uintx ProfiledCodeHeapSize                     = 122027880                              {pd product} {ergonomic}
    uintx ReservedCodeCacheSize                    = 251658240                              {pd product} {ergonomic}
     bool SegmentedCodeCache                       = true                                      {product} {ergonomic}
     bool ShowCodeDetailsInExceptionMessages       = true                                   {manageable} {command line}
   size_t SoftMaxHeapSize                          = 4198498304                             {manageable} {ergonomic}
     bool UseCompressedClassPointers               = true                           {product lp64_product} {ergonomic}
     bool UseCompressedOops                        = true                           {product lp64_product} {ergonomic}
     bool UseG1GC                                  = true                                      {product} {ergonomic}
     bool UseLargePagesIndividualAllocation        = false                                  {pd product} {ergonomic}

Logging:
Log output configuration:
 #0: stdout all=warning uptime,level,tags
 #1: stderr all=off uptime,level,tags

Environment Variables:
JAVA_HOME=C:\D\SoftWare\JDK\java
CLASSPATH=C:\D\SoftWare\Jmeter\apache-jmeter-5.6.3\lib\ext\ApacheJMeter_core.jar;C:\D\SoftWare\Jmeter\apache-jmeter-5.6.3\lib\jorphan.jar;
PATH=C:\Windows\system32;C:\Windows;C:\Windows\System32\Wbem;C:\Windows\System32\WindowsPowerShell\v1.0\;C:\Windows\System32\OpenSSH\;C:\Program Files\dotnet\;C:\D\SoftWare\JDK\java\bin;C:\D\SoftWare\JDK\java\jre\bin;C:\D\SoftWare\Maven\apache-maven-3.9.6\bin;C:\D\SoftWare\Git\Git\cmd;C:\D\SoftWare\Nodejs\;C:\Program Files\Docker\Docker\resources\bin;C:\D\SoftWare\Jmeter\apache-jmeter-5.6.3\bin;C:\D\SoftWare\Anaconda;C:\D\SoftWare\Anaconda\Library\mingw-w64\bin;C:\D\SoftWare\Anaconda\Library\usr\bin;C:\D\SoftWare\Anaconda\Library\bin;C:\D\SoftWare\Anaconda\Scripts;C:\Users\12807\AppData\Local\Microsoft\WindowsApps;C:\D\SoftWare\Pycharm\PyCharm 2023.2.3\bin;;C:\D\SoftWare\MindStudio\MindStudio 6.0.RC3\bin;;C:\D\SoftWare\vscode\Microsoft VS Code\bin;C:\Users\12807\AppData\Roaming\npm
USERNAME=12807
LANG=en_US.UTF-8
OS=Windows_NT
PROCESSOR_IDENTIFIER=Intel64 Family 6 Model 186 Stepping 2, GenuineIntel
TMP=C:\Users\12807\AppData\Local\Temp
TEMP=C:\Users\12807\AppData\Local\Temp



Periodic native trim disabled


---------------  S Y S T E M  ---------------

OS:
 Windows 11 , 64 bit Build 22621 (10.0.22621.3527)
OS uptime: 4 days 13:59 hours
Hyper-V role detected

CPU: total 20 (initial active 20) (10 cores per cpu, 2 threads per core) family 6 model 186 stepping 2 microcode 0x411d, cx8, cmov, fxsr, ht, mmx, 3dnowpref, sse, sse2, sse3, ssse3, sse4.1, sse4.2, popcnt, lzcnt, tsc, tscinvbit, avx, avx2, aes, erms, clmul, bmi1, bmi2, adx, sha, fma, vzeroupper, clflush, clflushopt, clwb, hv
Processor Information for all 20 processors :
  Max Mhz: 2400, Current Mhz: 2400, Mhz Limit: 2400

Memory: 4k page, system-wide physical 16010M (548M free)
TotalPageFile size 62872M (AvailPageFile size 1M)
current process WorkingSet (physical memory assigned to process): 35M, peak: 35M
current process commit charge ("private bytes"): 351M, peak: 351M

vm_info: OpenJDK 64-Bit Server VM (17.0.10+7-LTS) for windows-amd64 JRE (17.0.10+7-LTS), built on Jan 10 2024 19:47:12 by "MicrosoftCorporation" with MS VC++ 16.10 / 16.11 (VS2019)

END.
