#
# There is insufficient memory for the Java Runtime Environment to continue.
# Native memory allocation (malloc) failed to allocate 1857344 bytes for Chunk::new
# Possible reasons:
#   The system is out of physical RAM or swap space
#   The process is running with CompressedOops enabled, and the Java Heap may be blocking the growth of the native heap
# Possible solutions:
#   Reduce memory load on the system
#   Increase physical memory or swap space
#   Check if swap backing store is full
#   Decrease Java heap size (-Xmx/-Xms)
#   Decrease number of Java threads
#   Decrease Java thread stack sizes (-Xss)
#   Set larger code cache with -XX:ReservedCodeCacheSize=
#   JVM is running with Zero Based Compressed Oops mode in which the Java heap is
#     placed in the first 32GB address space. The Java Heap base address is the
#     maximum limit for the native heap growth. Please use -XX:HeapBaseMinAddress
#     to set the Java Heap base and to place the Java Heap above 32GB virtual address.
# This output file may be truncated or incomplete.
#
#  Out of Memory Error (arena.cpp:191), pid=10128, tid=24248
#
# JRE version: OpenJDK Runtime Environment Microsoft-8902769 (17.0.10+7) (build 17.0.10+7-LTS)
# Java VM: OpenJDK 64-Bit Server VM Microsoft-8902769 (17.0.10+7-LTS, mixed mode, sharing, tiered, compressed oops, compressed class ptrs, g1 gc, windows-amd64)
# No core dump will be written. Minidumps are not enabled by default on client versions of Windows
#

---------------  S U M M A R Y ------------

Command Line: -XX:+ShowCodeDetailsInExceptionMessages com.example.webpos.WebPosApplication

Host: 13th Gen Intel(R) Core(TM) i7-13700H, 20 cores, 15G,  Windows 11 , 64 bit Build 22621 (10.0.22621.3374)
Time: Fri May 10 17:55:58 2024  Windows 11 , 64 bit Build 22621 (10.0.22621.3374) elapsed time: 5.425240 seconds (0d 0h 0m 5s)

---------------  T H R E A D  ---------------

Current thread (0x000001f9a5b91630):  JavaThread "C2 CompilerThread3" daemon [_thread_in_native, id=24248, stack(0x0000002e34700000,0x0000002e34800000)]


Current CompileTask:
C2:   5425 6399   !   4       org.aspectj.weaver.World::resolve (297 bytes)

Stack: [0x0000002e34700000,0x0000002e34800000]
Native frames: (J=compiled Java code, j=interpreted, Vv=VM code, C=native code)
V  [jvm.dll+0x67f829]
V  [jvm.dll+0x83750a]
V  [jvm.dll+0x838fce]
V  [jvm.dll+0x839633]
V  [jvm.dll+0x247cbf]
V  [jvm.dll+0xac524]
V  [jvm.dll+0xacb6c]
V  [jvm.dll+0x368cf7]
V  [jvm.dll+0x1bd1c2]
V  [jvm.dll+0x21a559]
V  [jvm.dll+0x219821]
V  [jvm.dll+0x1a5176]
V  [jvm.dll+0x22957e]
V  [jvm.dll+0x22774c]
V  [jvm.dll+0x7ec5d7]
V  [jvm.dll+0x7e69da]
V  [jvm.dll+0x67e715]
C  [ucrtbase.dll+0x29333]
C  [KERNEL32.DLL+0x1257d]
C  [ntdll.dll+0x5aa48]


---------------  P R O C E S S  ---------------

Threads class SMR info:
_java_thread_list=0x000001f9b24efbf0, length=28, elements={
0x000001f940153b20, 0x000001f9a5015940, 0x000001f9a50167c0, 0x000001f9a5033020,
0x000001f9a5034bf0, 0x000001f9a50386d0, 0x000001f9a5039090, 0x000001f9a5041e40,
0x000001f9a50428f0, 0x000001f9a5050fd0, 0x000001f9a50f9780, 0x000001f9a52b41d0,
0x000001f9a510d390, 0x000001f9a53ca200, 0x000001f9a5b92b70, 0x000001f9a5b91630,
0x000001f9aa4b6370, 0x000001f9a5b910e0, 0x000001f9aa769bb0, 0x000001f9a5b8f650,
0x000001f9a5b90640, 0x000001f9a5b920d0, 0x000001f9abfcac70, 0x000001f9b276fdf0,
0x000001f9b2775910, 0x000001f9b276e9b0, 0x000001f9b27744d0, 0x000001f9b276f3d0
}

Java Threads: ( => current thread )
  0x000001f940153b20 JavaThread "main" [_thread_blocked, id=27348, stack(0x0000002e32c00000,0x0000002e32d00000)]
  0x000001f9a5015940 JavaThread "Reference Handler" daemon [_thread_blocked, id=25004, stack(0x0000002e33300000,0x0000002e33400000)]
  0x000001f9a50167c0 JavaThread "Finalizer" daemon [_thread_blocked, id=8696, stack(0x0000002e33400000,0x0000002e33500000)]
  0x000001f9a5033020 JavaThread "Signal Dispatcher" daemon [_thread_blocked, id=14400, stack(0x0000002e33500000,0x0000002e33600000)]
  0x000001f9a5034bf0 JavaThread "Attach Listener" daemon [_thread_blocked, id=27068, stack(0x0000002e33600000,0x0000002e33700000)]
  0x000001f9a50386d0 JavaThread "Service Thread" daemon [_thread_blocked, id=13428, stack(0x0000002e33700000,0x0000002e33800000)]
  0x000001f9a5039090 JavaThread "Monitor Deflation Thread" daemon [_thread_blocked, id=35460, stack(0x0000002e33800000,0x0000002e33900000)]
  0x000001f9a5041e40 JavaThread "C2 CompilerThread0" daemon [_thread_in_native, id=30344, stack(0x0000002e33900000,0x0000002e33a00000)]
  0x000001f9a50428f0 JavaThread "C1 CompilerThread0" daemon [_thread_blocked, id=31364, stack(0x0000002e33a00000,0x0000002e33b00000)]
  0x000001f9a5050fd0 JavaThread "Sweeper thread" daemon [_thread_blocked, id=24600, stack(0x0000002e33b00000,0x0000002e33c00000)]
  0x000001f9a50f9780 JavaThread "C1 CompilerThread1" daemon [_thread_blocked, id=27628, stack(0x0000002e33c00000,0x0000002e33d00000)]
  0x000001f9a52b41d0 JavaThread "Notification Thread" daemon [_thread_blocked, id=25388, stack(0x0000002e33d00000,0x0000002e33e00000)]
  0x000001f9a510d390 JavaThread "Common-Cleaner" daemon [_thread_blocked, id=5196, stack(0x0000002e33f00000,0x0000002e34000000)]
  0x000001f9a53ca200 JavaThread "C2 CompilerThread1" daemon [_thread_in_native, id=15972, stack(0x0000002e34000000,0x0000002e34100000)]
  0x000001f9a5b92b70 JavaThread "C2 CompilerThread2" daemon [_thread_in_native, id=1520, stack(0x0000002e34600000,0x0000002e34700000)]
=>0x000001f9a5b91630 JavaThread "C2 CompilerThread3" daemon [_thread_in_native, id=24248, stack(0x0000002e34700000,0x0000002e34800000)]
  0x000001f9aa4b6370 JavaThread "Thread-0" [_thread_blocked, id=9956, stack(0x0000002e34800000,0x0000002e34900000)]
  0x000001f9a5b910e0 JavaThread "C1 CompilerThread2" daemon [_thread_blocked, id=3204, stack(0x0000002e34900000,0x0000002e34a00000)]
  0x000001f9aa769bb0 JavaThread "restartedMain" [_thread_in_Java, id=26084, stack(0x0000002e34a00000,0x0000002e34b00000)]
  0x000001f9a5b8f650 JavaThread "C1 CompilerThread3" daemon [_thread_blocked, id=18816, stack(0x0000002e34c00000,0x0000002e34d00000)]
  0x000001f9a5b90640 JavaThread "C2 CompilerThread4" daemon [_thread_in_native, id=10140, stack(0x0000002e35900000,0x0000002e35a00000)]
  0x000001f9a5b920d0 JavaThread "C2 CompilerThread5" daemon [_thread_in_native, id=1664, stack(0x0000002e35a00000,0x0000002e35b00000)]
  0x000001f9abfcac70 JavaThread "C2 CompilerThread6" daemon [_thread_in_native, id=13552, stack(0x0000002e34b00000,0x0000002e34c00000)]
  0x000001f9b276fdf0 JavaThread "HikariPool-1 housekeeper" daemon [_thread_blocked, id=5184, stack(0x0000002e35d00000,0x0000002e35e00000)]
  0x000001f9b2775910 JavaThread "HikariPool-1 connection adder" daemon [_thread_blocked, id=2924, stack(0x0000002e35e00000,0x0000002e35f00000)]
  0x000001f9b276e9b0 JavaThread "Catalina-utility-1" [_thread_blocked, id=25568, stack(0x0000002e35f00000,0x0000002e36000000)]
  0x000001f9b27744d0 JavaThread "Catalina-utility-2" [_thread_blocked, id=26748, stack(0x0000002e36000000,0x0000002e36100000)]
  0x000001f9b276f3d0 JavaThread "container-0" [_thread_blocked, id=15152, stack(0x0000002e36100000,0x0000002e36200000)]

Other Threads:
  0x000001f9a5010d20 VMThread "VM Thread" [stack: 0x0000002e33200000,0x0000002e33300000] [id=35780]
  0x000001f9a52b6cd0 WatcherThread [stack: 0x0000002e33e00000,0x0000002e33f00000] [id=11976]
  0x000001f9401c7d70 GCTaskThread "GC Thread#0" [stack: 0x0000002e32d00000,0x0000002e32e00000] [id=13308]
  0x000001f9aa3104d0 GCTaskThread "GC Thread#1" [stack: 0x0000002e34100000,0x0000002e34200000] [id=20896]
  0x000001f9aa310790 GCTaskThread "GC Thread#2" [stack: 0x0000002e34200000,0x0000002e34300000] [id=22696]
  0x000001f9aa310a50 GCTaskThread "GC Thread#3" [stack: 0x0000002e34300000,0x0000002e34400000] [id=35140]
  0x000001f9aa310d10 GCTaskThread "GC Thread#4" [stack: 0x0000002e34400000,0x0000002e34500000] [id=18100]
  0x000001f9aa310fd0 GCTaskThread "GC Thread#5" [stack: 0x0000002e34500000,0x0000002e34600000] [id=12660]
  0x000001f9aadb4f00 GCTaskThread "GC Thread#6" [stack: 0x0000002e34d00000,0x0000002e34e00000] [id=8220]
  0x000001f9aaea06c0 GCTaskThread "GC Thread#7" [stack: 0x0000002e34e00000,0x0000002e34f00000] [id=33900]
  0x000001f9aca76030 GCTaskThread "GC Thread#8" [stack: 0x0000002e34f00000,0x0000002e35000000] [id=14116]
  0x000001f9aad7fd10 GCTaskThread "GC Thread#9" [stack: 0x0000002e35000000,0x0000002e35100000] [id=208]
  0x000001f9ab4cbb20 GCTaskThread "GC Thread#10" [stack: 0x0000002e35100000,0x0000002e35200000] [id=7100]
  0x000001f9abb95720 GCTaskThread "GC Thread#11" [stack: 0x0000002e35200000,0x0000002e35300000] [id=3160]
  0x000001f9aad5db50 GCTaskThread "GC Thread#12" [stack: 0x0000002e35300000,0x0000002e35400000] [id=30908]
  0x000001f9acd3f160 GCTaskThread "GC Thread#13" [stack: 0x0000002e35400000,0x0000002e35500000] [id=13072]
  0x000001f9ad005240 GCTaskThread "GC Thread#14" [stack: 0x0000002e35500000,0x0000002e35600000] [id=5832]
  0x000001f9401d8700 ConcurrentGCThread "G1 Main Marker" [stack: 0x0000002e32e00000,0x0000002e32f00000] [id=14944]
  0x000001f9401da140 ConcurrentGCThread "G1 Conc#0" [stack: 0x0000002e32f00000,0x0000002e33000000] [id=34920]
  0x000001f9ad004f80 ConcurrentGCThread "G1 Conc#1" [stack: 0x0000002e35600000,0x0000002e35700000] [id=8640]
  0x000001f9ad004cc0 ConcurrentGCThread "G1 Conc#2" [stack: 0x0000002e35700000,0x0000002e35800000] [id=20248]
  0x000001f9ad004a00 ConcurrentGCThread "G1 Conc#3" [stack: 0x0000002e35800000,0x0000002e35900000] [id=21764]
  0x000001f9401eec70 ConcurrentGCThread "G1 Refine#0" [stack: 0x0000002e33000000,0x0000002e33100000] [id=24112]
  0x000001f9632e7af0 ConcurrentGCThread "G1 Service" [stack: 0x0000002e33100000,0x0000002e33200000] [id=4556]

Threads with active compile tasks:
C2 CompilerThread0     5441 6369       4       org.springframework.core.annotation.AnnotationsScanner::processMethodAnnotations (98 bytes)
C2 CompilerThread1     5441 6441       4       org.aspectj.apache.bcel.classfile.Attribute::readAttribute (568 bytes)
C2 CompilerThread2     5441 6455   !   4       java.util.concurrent.ConcurrentHashMap::transfer (849 bytes)
C2 CompilerThread3     5441 6399   !   4       org.aspectj.weaver.World::resolve (297 bytes)
C2 CompilerThread4     5441 6387   !   4       org.springframework.core.annotation.AnnotationsScanner::processMethodHierarchy (276 bytes)
C2 CompilerThread5     5441 6328       4       org.aspectj.weaver.patterns.AnnotationPointcut::matchInternal (288 bytes)
C2 CompilerThread6     5441 6417       4       org.springframework.core.annotation.AnnotationTypeMappings::forAnnotationType (74 bytes)

VM state: not at safepoint (normal execution)

VM Mutex/Monitor currently owned by a thread: None

Heap address: 0x0000000705c00000, size: 4004 MB, Compressed Oops mode: Zero based, Oop shift amount: 3

CDS archive(s) mapped at: [0x000001f964000000-0x000001f964bb0000-0x000001f964bb0000), size 12255232, SharedBaseAddress: 0x000001f964000000, ArchiveRelocationMode: 1.
Compressed class space mapped at: 0x000001f965000000-0x000001f9a5000000, reserved size: 1073741824
Narrow klass base: 0x000001f964000000, Narrow klass shift: 0, Narrow klass range: 0x100000000

GC Precious Log:
 CPUs: 20 total, 20 available
 Memory: 16010M
 Large Page Support: Disabled
 NUMA Support: Disabled
 Compressed Oops: Enabled (Zero based)
 Heap Region Size: 2M
 Heap Min Capacity: 8M
 Heap Initial Capacity: 252M
 Heap Max Capacity: 4004M
 Pre-touch: Disabled
 Parallel Workers: 15
 Concurrent Workers: 4
 Concurrent Refinement Workers: 15
 Periodic GC: Disabled

Heap:
 garbage-first heap   total 96256K, used 57123K [0x0000000705c00000, 0x0000000800000000)
  region size 2048K, 12 young (24576K), 1 survivors (2048K)
 Metaspace       used 64035K, committed 64512K, reserved 1114112K
  class space    used 8807K, committed 9024K, reserved 1048576K

Heap Regions: E=young(eden), S=young(survivor), O=old, HS=humongous(starts), HC=humongous(continues), CS=collection set, F=free, OA=open archive, CA=closed archive, TAMS=top-at-mark-start (previous, next)
|   0|0x0000000705c00000, 0x0000000705e00000, 0x0000000705e00000|100%| O|  |TAMS 0x0000000705e00000, 0x0000000705c00000| Untracked 
|   1|0x0000000705e00000, 0x0000000706000000, 0x0000000706000000|100%| O|  |TAMS 0x0000000706000000, 0x0000000705e00000| Untracked 
|   2|0x0000000706000000, 0x0000000706200000, 0x0000000706200000|100%| O|  |TAMS 0x0000000706200000, 0x0000000706000000| Untracked 
|   3|0x0000000706200000, 0x0000000706400000, 0x0000000706400000|100%| O|  |TAMS 0x0000000706400000, 0x0000000706200000| Untracked 
|   4|0x0000000706400000, 0x0000000706600000, 0x0000000706600000|100%| O|  |TAMS 0x0000000706600000, 0x0000000706400000| Untracked 
|   5|0x0000000706600000, 0x0000000706800000, 0x0000000706800000|100%| O|  |TAMS 0x0000000706800000, 0x0000000706600000| Untracked 
|   6|0x0000000706800000, 0x0000000706a00000, 0x0000000706a00000|100%| O|  |TAMS 0x0000000706a00000, 0x0000000706800000| Untracked 
|   7|0x0000000706a00000, 0x0000000706c00000, 0x0000000706c00000|100%| O|  |TAMS 0x0000000706c00000, 0x0000000706a00000| Untracked 
|   8|0x0000000706c00000, 0x0000000706e00000, 0x0000000706e00000|100%| O|  |TAMS 0x0000000706e00000, 0x0000000706c00000| Untracked 
|   9|0x0000000706e00000, 0x0000000707000000, 0x0000000707000000|100%| O|  |TAMS 0x0000000707000000, 0x0000000706e00000| Untracked 
|  10|0x0000000707000000, 0x0000000707200000, 0x0000000707200000|100%| O|  |TAMS 0x0000000707200000, 0x0000000707000000| Untracked 
|  11|0x0000000707200000, 0x0000000707400000, 0x0000000707400000|100%| O|  |TAMS 0x0000000707400000, 0x0000000707200000| Untracked 
|  12|0x0000000707400000, 0x0000000707600000, 0x0000000707600000|100%| O|  |TAMS 0x0000000707600000, 0x0000000707400000| Untracked 
|  13|0x0000000707600000, 0x0000000707600000, 0x0000000707800000|  0%| F|  |TAMS 0x0000000707600000, 0x0000000707600000| Untracked 
|  14|0x0000000707800000, 0x0000000707a00000, 0x0000000707a00000|100%| O|  |TAMS 0x00000007079f1c00, 0x0000000707800000| Untracked 
|  15|0x0000000707a00000, 0x0000000707c00000, 0x0000000707c00000|100%| O|  |TAMS 0x0000000707a00000, 0x0000000707a00000| Untracked 
|  16|0x0000000707c00000, 0x0000000707e00000, 0x0000000707e00000|100%| O|  |TAMS 0x0000000707c00000, 0x0000000707c00000| Untracked 
|  17|0x0000000707e00000, 0x0000000708000000, 0x0000000708000000|100%| O|  |TAMS 0x0000000707e00000, 0x0000000707e00000| Untracked 
|  18|0x0000000708000000, 0x00000007080e4400, 0x0000000708200000| 44%| O|  |TAMS 0x0000000708000000, 0x0000000708000000| Untracked 
|  19|0x0000000708200000, 0x0000000708200000, 0x0000000708400000|  0%| F|  |TAMS 0x0000000708200000, 0x0000000708200000| Untracked 
|  20|0x0000000708400000, 0x0000000708400000, 0x0000000708600000|  0%| F|  |TAMS 0x0000000708400000, 0x0000000708400000| Untracked 
|  21|0x0000000708600000, 0x0000000708600000, 0x0000000708800000|  0%| F|  |TAMS 0x0000000708600000, 0x0000000708600000| Untracked 
|  22|0x0000000708800000, 0x0000000708800000, 0x0000000708a00000|  0%| F|  |TAMS 0x0000000708800000, 0x0000000708800000| Untracked 
|  23|0x0000000708a00000, 0x0000000708a00000, 0x0000000708c00000|  0%| F|  |TAMS 0x0000000708a00000, 0x0000000708a00000| Untracked 
|  24|0x0000000708c00000, 0x0000000708c00000, 0x0000000708e00000|  0%| F|  |TAMS 0x0000000708c00000, 0x0000000708c00000| Untracked 
|  25|0x0000000708e00000, 0x0000000708e00000, 0x0000000709000000|  0%| F|  |TAMS 0x0000000708e00000, 0x0000000708e00000| Untracked 
|  26|0x0000000709000000, 0x0000000709000000, 0x0000000709200000|  0%| F|  |TAMS 0x0000000709000000, 0x0000000709000000| Untracked 
|  27|0x0000000709200000, 0x0000000709200000, 0x0000000709400000|  0%| F|  |TAMS 0x0000000709200000, 0x0000000709200000| Untracked 
|  28|0x0000000709400000, 0x0000000709400000, 0x0000000709600000|  0%| F|  |TAMS 0x0000000709400000, 0x0000000709400000| Untracked 
|  29|0x0000000709600000, 0x0000000709600000, 0x0000000709800000|  0%| F|  |TAMS 0x0000000709600000, 0x0000000709600000| Untracked 
|  30|0x0000000709800000, 0x0000000709800000, 0x0000000709a00000|  0%| F|  |TAMS 0x0000000709800000, 0x0000000709800000| Untracked 
|  31|0x0000000709a00000, 0x0000000709a00000, 0x0000000709c00000|  0%| F|  |TAMS 0x0000000709a00000, 0x0000000709a00000| Untracked 
|  32|0x0000000709c00000, 0x0000000709c00000, 0x0000000709e00000|  0%| F|  |TAMS 0x0000000709c00000, 0x0000000709c00000| Untracked 
|  33|0x0000000709e00000, 0x0000000709e00000, 0x000000070a000000|  0%| F|  |TAMS 0x0000000709e00000, 0x0000000709e00000| Untracked 
|  34|0x000000070a000000, 0x000000070a000000, 0x000000070a200000|  0%| F|  |TAMS 0x000000070a000000, 0x000000070a000000| Untracked 
|  35|0x000000070a200000, 0x000000070a400000, 0x000000070a400000|100%| E|  |TAMS 0x000000070a200000, 0x000000070a200000| Complete 
|  36|0x000000070a400000, 0x000000070a600000, 0x000000070a600000|100%| E|CS|TAMS 0x000000070a400000, 0x000000070a400000| Complete 
|  37|0x000000070a600000, 0x000000070a800000, 0x000000070a800000|100%| E|CS|TAMS 0x000000070a600000, 0x000000070a600000| Complete 
|  38|0x000000070a800000, 0x000000070aa00000, 0x000000070aa00000|100%| E|CS|TAMS 0x000000070a800000, 0x000000070a800000| Complete 
|  39|0x000000070aa00000, 0x000000070ac00000, 0x000000070ac00000|100%| E|CS|TAMS 0x000000070aa00000, 0x000000070aa00000| Complete 
|  40|0x000000070ac00000, 0x000000070ae00000, 0x000000070ae00000|100%| E|CS|TAMS 0x000000070ac00000, 0x000000070ac00000| Complete 
|  41|0x000000070ae00000, 0x000000070b000000, 0x000000070b000000|100%| E|CS|TAMS 0x000000070ae00000, 0x000000070ae00000| Complete 
| 112|0x0000000713c00000, 0x0000000713e00000, 0x0000000713e00000|100%| E|CS|TAMS 0x0000000713c00000, 0x0000000713c00000| Complete 
| 113|0x0000000713e00000, 0x0000000714000000, 0x0000000714000000|100%| E|CS|TAMS 0x0000000713e00000, 0x0000000713e00000| Complete 
| 114|0x0000000714000000, 0x0000000714200000, 0x0000000714200000|100%| E|CS|TAMS 0x0000000714000000, 0x0000000714000000| Complete 
| 115|0x0000000714200000, 0x00000007142e4ba0, 0x0000000714400000| 44%| S|CS|TAMS 0x0000000714200000, 0x0000000714200000| Complete 
| 125|0x0000000715600000, 0x0000000715800000, 0x0000000715800000|100%| E|CS|TAMS 0x0000000715600000, 0x0000000715600000| Complete 

Card table byte_map: [0x000001f957ef0000,0x000001f9586d0000] _byte_map_base: 0x000001f9546c2000

Marking Bits (Prev, Next): (CMBitMap*) 0x000001f9401c83d0, (CMBitMap*) 0x000001f9401c8390
 Prev Bits: [0x000001f95cd40000, 0x000001f960bd0000)
 Next Bits: [0x000001f958eb0000, 0x000001f95cd40000)

Polling page: 0x000001f93e030000

Metaspace:

Usage:
  Non-class:     53.93 MB used.
      Class:      8.60 MB used.
       Both:     62.53 MB used.

Virtual space:
  Non-class space:       64.00 MB reserved,      54.19 MB ( 85%) committed,  1 nodes.
      Class space:        1.00 GB reserved,       8.81 MB ( <1%) committed,  1 nodes.
             Both:        1.06 GB reserved,      63.00 MB (  6%) committed. 

Chunk freelists:
   Non-Class:  9.83 MB
       Class:  7.02 MB
        Both:  16.84 MB

MaxMetaspaceSize: unlimited
CompressedClassSpaceSize: 1.00 GB
Initial GC threshold: 21.00 MB
Current GC threshold: 98.38 MB
CDS: on
MetaspaceReclaimPolicy: balanced
 - commit_granule_bytes: 65536.
 - commit_granule_words: 8192.
 - virtual_space_node_default_size: 8388608.
 - enlarge_chunks_in_place: 1.
 - new_chunks_are_fully_committed: 0.
 - uncommit_free_chunks: 1.
 - use_allocation_guard: 0.
 - handle_deallocations: 1.


Internal statistics:

num_allocs_failed_limit: 9.
num_arena_births: 656.
num_arena_deaths: 0.
num_vsnodes_births: 2.
num_vsnodes_deaths: 0.
num_space_committed: 1008.
num_space_uncommitted: 0.
num_chunks_returned_to_freelist: 9.
num_chunks_taken_from_freelist: 2992.
num_chunk_merges: 9.
num_chunk_splits: 2171.
num_chunks_enlarged: 1718.
num_inconsistent_stats: 0.

CodeHeap 'non-profiled nmethods': size=119168Kb used=4245Kb max_used=5594Kb free=114923Kb
 bounds [0x000001f94f7f0000, 0x000001f94fd70000, 0x000001f956c50000]
CodeHeap 'profiled nmethods': size=119104Kb used=10633Kb max_used=12096Kb free=108470Kb
 bounds [0x000001f947c50000, 0x000001f948830000, 0x000001f94f0a0000]
CodeHeap 'non-nmethods': size=7488Kb used=3017Kb max_used=3064Kb free=4470Kb
 bounds [0x000001f94f0a0000, 0x000001f94f3b0000, 0x000001f94f7f0000]
 total_blobs=5928 nmethods=5280 adapters=556
 compilation: enabled
              stopped_count=0, restarted_count=0
 full_count=0

Compilation events (20 events):
Event: 5.408 Thread 0x000001f9a50428f0 nmethod 6481 0x000001f947e19810 code [0x000001f947e19aa0, 0x000001f947e1a9d8]
Event: 5.412 Thread 0x000001f9a5b8f650 6482       3       org.aspectj.apache.bcel.classfile.BootstrapMethods::<init> (26 bytes)
Event: 5.412 Thread 0x000001f9a5b910e0 6483       3       org.aspectj.apache.bcel.classfile.BootstrapMethods::setBootstrapMethods (30 bytes)
Event: 5.412 Thread 0x000001f9a5b910e0 nmethod 6483 0x000001f947e53610 code [0x000001f947e537a0, 0x000001f947e539b8]
Event: 5.412 Thread 0x000001f9a5b8f650 nmethod 6482 0x000001f947ea4290 code [0x000001f947ea4440, 0x000001f947ea47d8]
Event: 5.413 Thread 0x000001f9a53ca200 nmethod 6324 0x000001f94fa4fe90 code [0x000001f94fa50640, 0x000001f94fa5a4f8]
Event: 5.414 Thread 0x000001f9a50428f0 6485       3       org.aspectj.apache.bcel.classfile.BootstrapMethods::<init> (33 bytes)
Event: 5.414 Thread 0x000001f9a50f9780 6486       3       org.springframework.aop.framework.AbstractAdvisingBeanPostProcessor::isEligible (61 bytes)
Event: 5.414 Thread 0x000001f9a5b8f650 6487       1       org.springframework.beans.factory.annotation.InitDestroyAnnotationBeanPostProcessor$1::hasDestroyMethods (2 bytes)
Event: 5.414 Thread 0x000001f9a50428f0 nmethod 6485 0x000001f947e10010 code [0x000001f947e101e0, 0x000001f947e10638]
Event: 5.415 Thread 0x000001f9a5b8f650 nmethod 6487 0x000001f94fbb6b10 code [0x000001f94fbb6ca0, 0x000001f94fbb6d78]
Event: 5.415 Thread 0x000001f9a50428f0 6488       3       java.lang.reflect.Constructor::getDeclaredAnnotations (5 bytes)
Event: 5.415 Thread 0x000001f9a5b910e0 6489       1       org.springframework.context.annotation.CommonAnnotationBeanPostProcessor::postProcessAfterInstantiation (2 bytes)
Event: 5.415 Thread 0x000001f9a50f9780 nmethod 6486 0x000001f947c60190 code [0x000001f947c603a0, 0x000001f947c609e8]
Event: 5.415 Thread 0x000001f9a5b910e0 nmethod 6489 0x000001f94fbb6810 code [0x000001f94fbb69a0, 0x000001f94fbb6a78]
Event: 5.415 Thread 0x000001f9a50428f0 nmethod 6488 0x000001f947f14290 code [0x000001f947f14480, 0x000001f947f14928]
Event: 5.416 Thread 0x000001f9a50428f0 6490       3       org.springframework.aop.framework.AbstractAdvisingBeanPostProcessor::postProcessAfterInitialization (218 bytes)
Event: 5.416 Thread 0x000001f9a5b910e0 6491       1       org.springframework.aop.support.annotation.AnnotationMatchingPointcut::getClassFilter (5 bytes)
Event: 5.416 Thread 0x000001f9a5b910e0 nmethod 6491 0x000001f94f968990 code [0x000001f94f968b20, 0x000001f94f968bf8]
Event: 5.420 Thread 0x000001f9a50428f0 nmethod 6490 0x000001f947d41010 code [0x000001f947d41460, 0x000001f947d44098]

GC Heap History (20 events):
Event: 1.928 GC heap before
{Heap before GC invocations=7 (full 0):
 garbage-first heap   total 69632K, used 45104K [0x0000000705c00000, 0x0000000800000000)
  region size 2048K, 14 young (28672K), 1 survivors (2048K)
 Metaspace       used 27918K, committed 28224K, reserved 1114112K
  class space    used 3715K, committed 3840K, reserved 1048576K
}
Event: 1.929 GC heap after
{Heap after GC invocations=8 (full 0):
 garbage-first heap   total 69632K, used 19475K [0x0000000705c00000, 0x0000000800000000)
  region size 2048K, 1 young (2048K), 1 survivors (2048K)
 Metaspace       used 27918K, committed 28224K, reserved 1114112K
  class space    used 3715K, committed 3840K, reserved 1048576K
}
Event: 2.336 GC heap before
{Heap before GC invocations=8 (full 0):
 garbage-first heap   total 69632K, used 48147K [0x0000000705c00000, 0x0000000800000000)
  region size 2048K, 15 young (30720K), 1 survivors (2048K)
 Metaspace       used 32333K, committed 32704K, reserved 1114112K
  class space    used 4252K, committed 4416K, reserved 1048576K
}
Event: 2.338 GC heap after
{Heap after GC invocations=9 (full 0):
 garbage-first heap   total 69632K, used 21285K [0x0000000705c00000, 0x0000000800000000)
  region size 2048K, 2 young (4096K), 2 survivors (4096K)
 Metaspace       used 32333K, committed 32704K, reserved 1114112K
  class space    used 4252K, committed 4416K, reserved 1048576K
}
Event: 2.755 GC heap before
{Heap before GC invocations=9 (full 0):
 garbage-first heap   total 69632K, used 49957K [0x0000000705c00000, 0x0000000800000000)
  region size 2048K, 16 young (32768K), 2 survivors (4096K)
 Metaspace       used 34812K, committed 35136K, reserved 1114112K
  class space    used 4596K, committed 4736K, reserved 1048576K
}
Event: 2.757 GC heap after
{Heap after GC invocations=10 (full 0):
 garbage-first heap   total 69632K, used 22870K [0x0000000705c00000, 0x0000000800000000)
  region size 2048K, 2 young (4096K), 2 survivors (4096K)
 Metaspace       used 34812K, committed 35136K, reserved 1114112K
  class space    used 4596K, committed 4736K, reserved 1048576K
}
Event: 2.963 GC heap before
{Heap before GC invocations=10 (full 0):
 garbage-first heap   total 69632K, used 39254K [0x0000000705c00000, 0x0000000800000000)
  region size 2048K, 11 young (22528K), 2 survivors (4096K)
 Metaspace       used 35657K, committed 35968K, reserved 1114112K
  class space    used 4707K, committed 4864K, reserved 1048576K
}
Event: 2.965 GC heap after
{Heap after GC invocations=11 (full 0):
 garbage-first heap   total 69632K, used 23736K [0x0000000705c00000, 0x0000000800000000)
  region size 2048K, 2 young (4096K), 2 survivors (4096K)
 Metaspace       used 35657K, committed 35968K, reserved 1114112K
  class space    used 4707K, committed 4864K, reserved 1048576K
}
Event: 3.203 GC heap before
{Heap before GC invocations=12 (full 0):
 garbage-first heap   total 69632K, used 48312K [0x0000000705c00000, 0x0000000800000000)
  region size 2048K, 15 young (30720K), 2 survivors (4096K)
 Metaspace       used 37782K, committed 38144K, reserved 1114112K
  class space    used 4920K, committed 5120K, reserved 1048576K
}
Event: 3.205 GC heap after
{Heap after GC invocations=13 (full 0):
 garbage-first heap   total 96256K, used 28779K [0x0000000705c00000, 0x0000000800000000)
  region size 2048K, 2 young (4096K), 2 survivors (4096K)
 Metaspace       used 37782K, committed 38144K, reserved 1114112K
  class space    used 4920K, committed 5120K, reserved 1048576K
}
Event: 3.756 GC heap before
{Heap before GC invocations=13 (full 0):
 garbage-first heap   total 96256K, used 69739K [0x0000000705c00000, 0x0000000800000000)
  region size 2048K, 22 young (45056K), 2 survivors (4096K)
 Metaspace       used 41807K, committed 42240K, reserved 1114112K
  class space    used 5385K, committed 5568K, reserved 1048576K
}
Event: 3.758 GC heap after
{Heap after GC invocations=14 (full 0):
 garbage-first heap   total 96256K, used 30937K [0x0000000705c00000, 0x0000000800000000)
  region size 2048K, 2 young (4096K), 2 survivors (4096K)
 Metaspace       used 41807K, committed 42240K, reserved 1114112K
  class space    used 5385K, committed 5568K, reserved 1048576K
}
Event: 4.598 GC heap before
{Heap before GC invocations=14 (full 0):
 garbage-first heap   total 96256K, used 71897K [0x0000000705c00000, 0x0000000800000000)
  region size 2048K, 22 young (45056K), 2 survivors (4096K)
 Metaspace       used 51371K, committed 51840K, reserved 1114112K
  class space    used 6820K, committed 7040K, reserved 1048576K
}
Event: 4.600 GC heap after
{Heap after GC invocations=15 (full 0):
 garbage-first heap   total 96256K, used 32571K [0x0000000705c00000, 0x0000000800000000)
  region size 2048K, 1 young (2048K), 1 survivors (2048K)
 Metaspace       used 51371K, committed 51840K, reserved 1114112K
  class space    used 6820K, committed 7040K, reserved 1048576K
}
Event: 4.911 GC heap before
{Heap before GC invocations=15 (full 0):
 garbage-first heap   total 96256K, used 61243K [0x0000000705c00000, 0x0000000800000000)
  region size 2048K, 16 young (32768K), 1 survivors (2048K)
 Metaspace       used 59846K, committed 60288K, reserved 1114112K
  class space    used 8205K, committed 8448K, reserved 1048576K
}
Event: 4.913 GC heap after
{Heap after GC invocations=16 (full 0):
 garbage-first heap   total 96256K, used 33697K [0x0000000705c00000, 0x0000000800000000)
  region size 2048K, 2 young (4096K), 2 survivors (4096K)
 Metaspace       used 59846K, committed 60288K, reserved 1114112K
  class space    used 8205K, committed 8448K, reserved 1048576K
}
Event: 5.264 GC heap before
{Heap before GC invocations=17 (full 0):
 garbage-first heap   total 96256K, used 74657K [0x0000000705c00000, 0x0000000800000000)
  region size 2048K, 22 young (45056K), 2 survivors (4096K)
 Metaspace       used 63593K, committed 64128K, reserved 1114112K
  class space    used 8739K, committed 8960K, reserved 1048576K
}
Event: 5.267 GC heap after
{Heap after GC invocations=18 (full 0):
 garbage-first heap   total 96256K, used 36236K [0x0000000705c00000, 0x0000000800000000)
  region size 2048K, 3 young (6144K), 3 survivors (6144K)
 Metaspace       used 63593K, committed 64128K, reserved 1114112K
  class space    used 8739K, committed 8960K, reserved 1048576K
}
Event: 5.296 GC heap before
{Heap before GC invocations=18 (full 0):
 garbage-first heap   total 96256K, used 38284K [0x0000000705c00000, 0x0000000800000000)
  region size 2048K, 4 young (8192K), 3 survivors (6144K)
 Metaspace       used 63717K, committed 64256K, reserved 1114112K
  class space    used 8755K, committed 9024K, reserved 1048576K
}
Event: 5.298 GC heap after
{Heap after GC invocations=19 (full 0):
 garbage-first heap   total 96256K, used 36643K [0x0000000705c00000, 0x0000000800000000)
  region size 2048K, 1 young (2048K), 1 survivors (2048K)
 Metaspace       used 63717K, committed 64256K, reserved 1114112K
  class space    used 8755K, committed 9024K, reserved 1048576K
}

Dll operation events (11 events):
Event: 0.003 Loaded shared library C:\D\SoftWare\JDK\java\bin\java.dll
Event: 0.014 Loaded shared library C:\D\SoftWare\JDK\java\bin\jsvml.dll
Event: 0.065 Loaded shared library C:\D\SoftWare\JDK\java\bin\net.dll
Event: 0.066 Loaded shared library C:\D\SoftWare\JDK\java\bin\nio.dll
Event: 0.067 Loaded shared library C:\D\SoftWare\JDK\java\bin\zip.dll
Event: 0.104 Loaded shared library C:\D\SoftWare\JDK\java\bin\jimage.dll
Event: 0.276 Loaded shared library C:\D\SoftWare\JDK\java\bin\management.dll
Event: 0.277 Loaded shared library C:\D\SoftWare\JDK\java\bin\management_ext.dll
Event: 1.249 Loaded shared library C:\D\SoftWare\JDK\java\bin\sunmscapi.dll
Event: 2.489 Loaded shared library C:\D\SoftWare\JDK\java\bin\verify.dll
Event: 3.421 Loaded shared library C:\D\SoftWare\JDK\java\bin\extnet.dll

Deoptimization events (20 events):
Event: 5.349 Thread 0x000001f9aa769bb0 DEOPT PACKING pc=0x000001f9487d69ba sp=0x0000002e34afd4a0
Event: 5.349 Thread 0x000001f9aa769bb0 DEOPT UNPACKING pc=0x000001f94f0f7143 sp=0x0000002e34afc9b0 mode 0
Event: 5.349 Thread 0x000001f9aa769bb0 DEOPT PACKING pc=0x000001f9487d69ba sp=0x0000002e34afd4a0
Event: 5.349 Thread 0x000001f9aa769bb0 DEOPT UNPACKING pc=0x000001f94f0f7143 sp=0x0000002e34afc9b0 mode 0
Event: 5.358 Thread 0x000001f9aa769bb0 Uncommon trap: trap_request=0xffffffc6 fr.pc=0x000001f94fa9f298 relative=0x00000000000002d8
Event: 5.358 Thread 0x000001f9aa769bb0 Uncommon trap: reason=bimorphic_or_optimized_type_check action=maybe_recompile pc=0x000001f94fa9f298 method=java.util.Collections$SetFromMap.contains(Ljava/lang/Object;)Z @ 5 c2
Event: 5.358 Thread 0x000001f9aa769bb0 DEOPT PACKING pc=0x000001f94fa9f298 sp=0x0000002e34afa460
Event: 5.358 Thread 0x000001f9aa769bb0 DEOPT UNPACKING pc=0x000001f94f0f69a3 sp=0x0000002e34afa408 mode 2
Event: 5.358 Thread 0x000001f9aa769bb0 Uncommon trap: trap_request=0xffffff45 fr.pc=0x000001f94f9d1020 relative=0x0000000000000d40
Event: 5.358 Thread 0x000001f9aa769bb0 Uncommon trap: reason=unstable_if action=reinterpret pc=0x000001f94f9d1020 method=sun.reflect.annotation.AnnotationInvocationHandler.invoke(Ljava/lang/Object;Ljava/lang/reflect/Method;[Ljava/lang/Object;)Ljava/lang/Object; @ 76 c2
Event: 5.358 Thread 0x000001f9aa769bb0 DEOPT PACKING pc=0x000001f94f9d1020 sp=0x0000002e34afa280
Event: 5.358 Thread 0x000001f9aa769bb0 DEOPT UNPACKING pc=0x000001f94f0f69a3 sp=0x0000002e34afa250 mode 2
Event: 5.411 Thread 0x000001f9aa769bb0 Uncommon trap: trap_request=0xffffffde fr.pc=0x000001f94fbb25f0 relative=0x0000000000000150
Event: 5.411 Thread 0x000001f9aa769bb0 Uncommon trap: reason=class_check action=maybe_recompile pc=0x000001f94fbb25f0 method=java.lang.reflect.Method.equals(Ljava/lang/Object;)Z @ 1 c2
Event: 5.411 Thread 0x000001f9aa769bb0 DEOPT PACKING pc=0x000001f94fbb25f0 sp=0x0000002e34afcba0
Event: 5.411 Thread 0x000001f9aa769bb0 DEOPT UNPACKING pc=0x000001f94f0f69a3 sp=0x0000002e34afcb28 mode 2
Event: 5.411 Thread 0x000001f9aa769bb0 Uncommon trap: trap_request=0xffffffde fr.pc=0x000001f94fbb25f0 relative=0x0000000000000150
Event: 5.411 Thread 0x000001f9aa769bb0 Uncommon trap: reason=class_check action=maybe_recompile pc=0x000001f94fbb25f0 method=java.lang.reflect.Method.equals(Ljava/lang/Object;)Z @ 1 c2
Event: 5.411 Thread 0x000001f9aa769bb0 DEOPT PACKING pc=0x000001f94fbb25f0 sp=0x0000002e34afcba0
Event: 5.411 Thread 0x000001f9aa769bb0 DEOPT UNPACKING pc=0x000001f94f0f69a3 sp=0x0000002e34afcb28 mode 2

Classes unloaded (0 events):
No events

Classes redefined (0 events):
No events

Internal exceptions (20 events):
Event: 4.880 Thread 0x000001f9aa769bb0 Exception <a 'java/lang/NoSuchMethodError'{0x0000000709e5d9a0}: 'java.lang.Object java.lang.invoke.DirectMethodHandle$Holder.newInvokeSpecial(java.lang.Object, java.lang.Object, int)'> (0x0000000709e5d9a0) 
thrown [s\src\hotspot\share\interpreter\linkResolver.cpp, line 759]
Event: 4.881 Thread 0x000001f9aa769bb0 Exception <a 'java/lang/IncompatibleClassChangeError'{0x0000000709e61668}: Found class java.lang.Object, but interface was expected> (0x0000000709e61668) 
thrown [s\src\hotspot\share\interpreter\linkResolver.cpp, line 826]
Event: 4.893 Thread 0x000001f9aa769bb0 Exception <a 'java/lang/NoSuchMethodError'{0x0000000709fc7ba8}: 'int java.lang.invoke.DirectMethodHandle$Holder.invokeStatic(java.lang.Object, int, java.lang.Object)'> (0x0000000709fc7ba8) 
thrown [s\src\hotspot\share\interpreter\linkResolver.cpp, line 759]
Event: 4.894 Thread 0x000001f9aa769bb0 Exception <a 'java/lang/NoSuchMethodError'{0x0000000709fe9430}: 'java.lang.Object java.lang.invoke.DirectMethodHandle$Holder.newInvokeSpecial(java.lang.Object, java.lang.Object, java.lang.Object, java.lang.Object, java.lang.Object, int, java.lang.Object)'> (0x0000000709fe9430) 
thrown [s\src\hotspot\share\interpreter\linkResolver.cpp, line 759]
Event: 4.897 Thread 0x000001f9aa769bb0 Exception <a 'java/lang/NoSuchMethodError'{0x0000000709c22f68}: 'java.lang.Object java.lang.invoke.DirectMethodHandle$Holder.newInvokeSpecial(java.lang.Object, java.lang.Object, java.lang.Object, java.lang.Object, java.lang.Object, java.lang.Object, java.lang.Object, java.lang.Object, java.lang.Object, java.lang.Object, java.lang.Object, java.lang.Object)'> (0x0000000709c22f68) 
thrown [s\src\hotspot\share\interpreter\linkResolver.cpp, line 759]
Event: 4.897 Thread 0x000001f9aa769bb0 Exception <a 'java/lang/NoSuchMethodError'{0x0000000709c27a00}: 'java.lang.Object java.lang.invoke.DirectMethodHandle$Holder.invokeSpecial(java.lang.Object, java.lang.Object, java.lang.Object, java.lang.Object, java.lang.Object, java.lang.Object, java.lang.Object, java.lang.Object, java.lang.Object, java.lang.Object, java.lang.Object, java.lang.Object, java.lang.Object)'> (0x0000000709c27a00) 
thrown [s\src\hotspot\share\interpreter\linkResolver.cpp, line 759]
Event: 4.897 Thread 0x000001f9aa769bb0 Exception <a 'java/lang/NoSuchMethodError'{0x0000000709c2c118}: 'java.lang.Object java.lang.invoke.Invokers$Holder.linkToTargetMethod(java.lang.Object, java.lang.Object, java.lang.Object, java.lang.Object, java.lang.Object, java.lang.Object, java.lang.Object, java.lang.Object, java.lang.Object, java.lang.Object, java.lang.Object, java.lang.Object)'> (0x0000000709c2c118) 
thrown [s\src\hotspot\share\interpreter\linkResolver.cpp, line 759]
Event: 4.918 Thread 0x000001f9aa769bb0 Exception <a 'java/lang/NoSuchMethodError'{0x00000007156609c8}: 'java.lang.Object java.lang.invoke.DirectMethodHandle$Holder.newInvokeSpecial(java.lang.Object, java.lang.Object, java.lang.Object, java.lang.Object, java.lang.Object, java.lang.Object)'> (0x00000007156609c8) 
thrown [s\src\hotspot\share\interpreter\linkResolver.cpp, line 759]
Event: 4.926 Thread 0x000001f9aa769bb0 Exception <a 'java/lang/NoSuchMethodError'{0x00000007156d69f8}: 'java.lang.Object java.lang.invoke.DirectMethodHandle$Holder.newInvokeSpecial(java.lang.Object, java.lang.Object, java.lang.Object, java.lang.Object, java.lang.Object, java.lang.Object, java.lang.Object, int)'> (0x00000007156d69f8) 
thrown [s\src\hotspot\share\interpreter\linkResolver.cpp, line 759]
Event: 4.926 Thread 0x000001f9aa769bb0 Exception <a 'java/lang/NoSuchMethodError'{0x00000007156dbc98}: 'java.lang.Object java.lang.invoke.DirectMethodHandle$Holder.invokeSpecial(java.lang.Object, java.lang.Object, java.lang.Object, java.lang.Object, java.lang.Object, java.lang.Object, java.lang.Object, java.lang.Object, int)'> (0x00000007156dbc98) 
thrown [s\src\hotspot\share\interpreter\linkResolver.cpp, line 759]
Event: 4.926 Thread 0x000001f9aa769bb0 Exception <a 'java/lang/NoSuchMethodError'{0x00000007156e0760}: 'java.lang.Object java.lang.invoke.Invokers$Holder.linkToTargetMethod(java.lang.Object, java.lang.Object, java.lang.Object, java.lang.Object, java.lang.Object, java.lang.Object, int, java.lang.Object)'> (0x00000007156e0760) 
thrown [s\src\hotspot\share\interpreter\linkResolver.cpp, line 759]
Event: 4.933 Thread 0x000001f9aa769bb0 Exception <a 'java/lang/NoSuchMethodError'{0x000000071579ba90}: 'void java.lang.invoke.DirectMethodHandle$Holder.invokeInterface(java.lang.Object, java.lang.Object)'> (0x000000071579ba90) 
thrown [s\src\hotspot\share\interpreter\linkResolver.cpp, line 759]
Event: 5.044 Thread 0x000001f9aa769bb0 Exception <a 'java/lang/IncompatibleClassChangeError'{0x000000070a868960}: Found class java.lang.Object, but interface was expected> (0x000000070a868960) 
thrown [s\src\hotspot\share\interpreter\linkResolver.cpp, line 826]
Event: 5.060 Thread 0x000001f9aa769bb0 Exception <a 'java/lang/IncompatibleClassChangeError'{0x000000070a5c8170}: Found class java.lang.Object, but interface was expected> (0x000000070a5c8170) 
thrown [s\src\hotspot\share\interpreter\linkResolver.cpp, line 826]
Event: 5.092 Thread 0x000001f9aa769bb0 Exception <a 'java/lang/IncompatibleClassChangeError'{0x000000070a1e8ba0}: Found class java.lang.Object, but interface was expected> (0x000000070a1e8ba0) 
thrown [s\src\hotspot\share\interpreter\linkResolver.cpp, line 826]
Event: 5.198 Thread 0x000001f9aa769bb0 Exception <a 'java/lang/IncompatibleClassChangeError'{0x000000070947b318}: Found class java.lang.Object, but interface was expected> (0x000000070947b318) 
thrown [s\src\hotspot\share\interpreter\linkResolver.cpp, line 826]
Event: 5.267 Thread 0x000001f9aa769bb0 Implicit null exception at 0x000001f94f91b1d5 to 0x000001f94f91be10
Event: 5.290 Thread 0x000001f9aa769bb0 Implicit null exception at 0x000001f94fd54fe8 to 0x000001f94fd55145
Event: 5.290 Thread 0x000001f9aa769bb0 Implicit null exception at 0x000001f94fd2d38c to 0x000001f94fd2d42c
Event: 5.331 Thread 0x000001f9aa769bb0 Exception <a 'java/lang/NoSuchMethodError'{0x0000000713f82168}: 'java.lang.Object java.lang.invoke.DirectMethodHandle$Holder.invokeInterface(java.lang.Object, java.lang.Object, java.lang.Object, java.lang.Object)'> (0x0000000713f82168) 
thrown [s\src\hotspot\share\interpreter\linkResolver.cpp, line 759]

VM Operations (20 events):
Event: 5.081 Executing VM operation: HandshakeAllThreads
Event: 5.081 Executing VM operation: HandshakeAllThreads done
Event: 5.152 Executing VM operation: HandshakeAllThreads
Event: 5.152 Executing VM operation: HandshakeAllThreads done
Event: 5.152 Executing VM operation: ICBufferFull
Event: 5.152 Executing VM operation: ICBufferFull done
Event: 5.208 Executing VM operation: HandshakeAllThreads
Event: 5.208 Executing VM operation: HandshakeAllThreads done
Event: 5.209 Executing VM operation: HandshakeAllThreads
Event: 5.209 Executing VM operation: HandshakeAllThreads done
Event: 5.264 Executing VM operation: G1CollectForAllocation
Event: 5.267 Executing VM operation: G1CollectForAllocation done
Event: 5.269 Executing VM operation: HandshakeAllThreads
Event: 5.269 Executing VM operation: HandshakeAllThreads done
Event: 5.286 Executing VM operation: HandshakeAllThreads
Event: 5.286 Executing VM operation: HandshakeAllThreads done
Event: 5.296 Executing VM operation: G1CollectForAllocation
Event: 5.298 Executing VM operation: G1CollectForAllocation done
Event: 5.299 Executing VM operation: HandshakeAllThreads
Event: 5.299 Executing VM operation: HandshakeAllThreads done

Events (20 events):
Event: 5.308 Thread 0x000001f9a5050fd0 flushing nmethod 0x000001f9485fe910
Event: 5.308 Thread 0x000001f9a5050fd0 flushing nmethod 0x000001f948629510
Event: 5.308 Thread 0x000001f9a5050fd0 flushing nmethod 0x000001f94864f410
Event: 5.308 Thread 0x000001f9a5050fd0 flushing nmethod 0x000001f94865bf90
Event: 5.308 Thread 0x000001f9a5050fd0 flushing nmethod 0x000001f94865e790
Event: 5.308 Thread 0x000001f9a5050fd0 flushing nmethod 0x000001f948664910
Event: 5.308 Thread 0x000001f9a5050fd0 flushing nmethod 0x000001f948664e10
Event: 5.308 Thread 0x000001f9a5050fd0 flushing nmethod 0x000001f948665790
Event: 5.308 Thread 0x000001f9a5050fd0 flushing nmethod 0x000001f94866b890
Event: 5.308 Thread 0x000001f9a5050fd0 flushing nmethod 0x000001f948690c10
Event: 5.308 Thread 0x000001f9a5050fd0 flushing nmethod 0x000001f948691610
Event: 5.308 Thread 0x000001f9a5050fd0 flushing nmethod 0x000001f94869fc10
Event: 5.308 Thread 0x000001f9a5050fd0 flushing nmethod 0x000001f9486df910
Event: 5.308 Thread 0x000001f9a5050fd0 flushing nmethod 0x000001f9486e1810
Event: 5.308 Thread 0x000001f9a5050fd0 flushing nmethod 0x000001f9486f1390
Event: 5.308 Thread 0x000001f9a5050fd0 flushing nmethod 0x000001f948760010
Event: 5.308 Thread 0x000001f9a5050fd0 flushing nmethod 0x000001f9487a1610
Event: 5.309 Thread 0x000001f9a5050fd0 flushing nmethod 0x000001f9487af110
Event: 5.358 loading class java/time/DurationEditor
Event: 5.358 loading class java/time/DurationEditor done


Dynamic libraries:
0x00007ff785fe0000 - 0x00007ff785fee000 	C:\D\SoftWare\JDK\java\bin\java.exe
0x00007ffdb00f0000 - 0x00007ffdb0306000 	C:\Windows\SYSTEM32\ntdll.dll
0x00007ffdaef60000 - 0x00007ffdaf024000 	C:\Windows\System32\KERNEL32.DLL
0x00007ffdad560000 - 0x00007ffdad907000 	C:\Windows\System32\KERNELBASE.dll
0x00007ffdad910000 - 0x00007ffdada21000 	C:\Windows\System32\ucrtbase.dll
0x00007ffda5690000 - 0x00007ffda56a7000 	C:\D\SoftWare\JDK\java\bin\jli.dll
0x00007ffda5670000 - 0x00007ffda568b000 	C:\D\SoftWare\JDK\java\bin\VCRUNTIME140.dll
0x00007ffdaff00000 - 0x00007ffdb00ae000 	C:\Windows\System32\USER32.dll
0x00007ffdad530000 - 0x00007ffdad556000 	C:\Windows\System32\win32u.dll
0x00007ffd9c8c0000 - 0x00007ffd9cb53000 	C:\Windows\WinSxS\amd64_microsoft.windows.common-controls_6595b64144ccf1df_6.0.22621.3235_none_270f74e173860f98\COMCTL32.dll
0x00007ffdae980000 - 0x00007ffdae9a9000 	C:\Windows\System32\GDI32.dll
0x00007ffdaeeb0000 - 0x00007ffdaef57000 	C:\Windows\System32\msvcrt.dll
0x00007ffdad410000 - 0x00007ffdad529000 	C:\Windows\System32\gdi32full.dll
0x00007ffdadba0000 - 0x00007ffdadc3a000 	C:\Windows\System32\msvcp_win.dll
0x00007ffdaf8c0000 - 0x00007ffdaf8f1000 	C:\Windows\System32\IMM32.DLL
0x00007ffda0ed0000 - 0x00007ffda0edc000 	C:\D\SoftWare\JDK\java\bin\vcruntime140_1.dll
0x00007ffd49610000 - 0x00007ffd4969d000 	C:\D\SoftWare\JDK\java\bin\msvcp140.dll
0x00007ffd2f310000 - 0x00007ffd2ff75000 	C:\D\SoftWare\JDK\java\bin\server\jvm.dll
0x00007ffdae8c0000 - 0x00007ffdae972000 	C:\Windows\System32\ADVAPI32.dll
0x00007ffdade20000 - 0x00007ffdadec8000 	C:\Windows\System32\sechost.dll
0x00007ffdaddf0000 - 0x00007ffdade18000 	C:\Windows\System32\bcrypt.dll
0x00007ffdaf140000 - 0x00007ffdaf255000 	C:\Windows\System32\RPCRT4.dll
0x00007ffda5600000 - 0x00007ffda5609000 	C:\Windows\SYSTEM32\WSOCK32.dll
0x00007ffdac290000 - 0x00007ffdac2dd000 	C:\Windows\SYSTEM32\POWRPROF.dll
0x00007ffda49f0000 - 0x00007ffda4a24000 	C:\Windows\SYSTEM32\WINMM.dll
0x00007ffda68d0000 - 0x00007ffda68da000 	C:\Windows\SYSTEM32\VERSION.dll
0x00007ffdaea20000 - 0x00007ffdaea91000 	C:\Windows\System32\WS2_32.dll
0x00007ffdac260000 - 0x00007ffdac273000 	C:\Windows\SYSTEM32\UMPDC.dll
0x00007ffdac520000 - 0x00007ffdac538000 	C:\Windows\SYSTEM32\kernel.appcore.dll
0x00007ffd9fb60000 - 0x00007ffd9fb6a000 	C:\D\SoftWare\JDK\java\bin\jimage.dll
0x00007ffdaaa80000 - 0x00007ffdaacb3000 	C:\Windows\SYSTEM32\DBGHELP.DLL
0x00007ffdafaf0000 - 0x00007ffdafe78000 	C:\Windows\System32\combase.dll
0x00007ffdaf6e0000 - 0x00007ffdaf7b7000 	C:\Windows\System32\OLEAUT32.dll
0x00007ffda27f0000 - 0x00007ffda2822000 	C:\Windows\SYSTEM32\dbgcore.DLL
0x00007ffdadcb0000 - 0x00007ffdadd29000 	C:\Windows\System32\bcryptPrimitives.dll
0x00007ffd9fb30000 - 0x00007ffd9fb55000 	C:\D\SoftWare\JDK\java\bin\java.dll
0x00007ffd3ff30000 - 0x00007ffd40007000 	C:\D\SoftWare\JDK\java\bin\jsvml.dll
0x00007ffdae030000 - 0x00007ffdae88c000 	C:\Windows\System32\SHELL32.dll
0x00007ffdab330000 - 0x00007ffdabc29000 	C:\Windows\SYSTEM32\windows.storage.dll
0x00007ffdab1f0000 - 0x00007ffdab32e000 	C:\Windows\SYSTEM32\wintypes.dll
0x00007ffdaf900000 - 0x00007ffdaf9f3000 	C:\Windows\System32\SHCORE.dll
0x00007ffdafa60000 - 0x00007ffdafabe000 	C:\Windows\System32\shlwapi.dll
0x00007ffdad340000 - 0x00007ffdad361000 	C:\Windows\SYSTEM32\profapi.dll
0x00007ffd9bbf0000 - 0x00007ffd9bc09000 	C:\D\SoftWare\JDK\java\bin\net.dll
0x00007ffda6cd0000 - 0x00007ffda6e06000 	C:\Windows\SYSTEM32\WINHTTP.dll
0x00007ffdac9b0000 - 0x00007ffdaca19000 	C:\Windows\system32\mswsock.dll
0x00007ffd980c0000 - 0x00007ffd980d6000 	C:\D\SoftWare\JDK\java\bin\nio.dll
0x00007ffd95370000 - 0x00007ffd95388000 	C:\D\SoftWare\JDK\java\bin\zip.dll
0x00007ffd98b40000 - 0x00007ffd98b49000 	C:\D\SoftWare\JDK\java\bin\management.dll
0x00007ffd986c0000 - 0x00007ffd986cb000 	C:\D\SoftWare\JDK\java\bin\management_ext.dll
0x00007ffdae890000 - 0x00007ffdae898000 	C:\Windows\System32\PSAPI.DLL
0x00007ffdabf40000 - 0x00007ffdabf6d000 	C:\Windows\SYSTEM32\IPHLPAPI.DLL
0x00007ffdaee10000 - 0x00007ffdaee19000 	C:\Windows\System32\NSI.dll
0x00007ffda68e0000 - 0x00007ffda68f9000 	C:\Windows\SYSTEM32\dhcpcsvc6.DLL
0x00007ffda6860000 - 0x00007ffda687f000 	C:\Windows\SYSTEM32\dhcpcsvc.DLL
0x00007ffdabf70000 - 0x00007ffdac069000 	C:\Windows\SYSTEM32\DNSAPI.dll
0x00007ffd9f2e0000 - 0x00007ffd9f32b000 	C:\Program Files (x86)\Sangfor\SSL\ClientComponent\SangforNspX64.dll
0x00007ffdaeaa0000 - 0x00007ffdaec45000 	C:\Windows\System32\ole32.dll
0x00007ffda69a0000 - 0x00007ffda69aa000 	C:\Windows\System32\rasadhlp.dll
0x00007ffda4c20000 - 0x00007ffda4ca3000 	C:\Windows\System32\fwpuclnt.dll
0x00007ffd98070000 - 0x00007ffd9807e000 	C:\D\SoftWare\JDK\java\bin\sunmscapi.dll
0x00007ffdada30000 - 0x00007ffdadb97000 	C:\Windows\System32\CRYPT32.dll
0x00007ffdacdd0000 - 0x00007ffdacdfe000 	C:\Windows\SYSTEM32\ncrypt.dll
0x00007ffdacd90000 - 0x00007ffdacdc7000 	C:\Windows\SYSTEM32\NTASN1.dll
0x00007ffd95340000 - 0x00007ffd95350000 	C:\D\SoftWare\JDK\java\bin\verify.dll
0x00007ffdacc10000 - 0x00007ffdacc2b000 	C:\Windows\SYSTEM32\CRYPTSP.dll
0x00007ffdac480000 - 0x00007ffdac4b5000 	C:\Windows\system32\rsaenh.dll
0x00007ffdacab0000 - 0x00007ffdacad8000 	C:\Windows\SYSTEM32\USERENV.dll
0x00007ffdacc30000 - 0x00007ffdacc3c000 	C:\Windows\SYSTEM32\CRYPTBASE.dll
0x00007ffda9100000 - 0x00007ffda9109000 	C:\D\SoftWare\JDK\java\bin\extnet.dll

dbghelp: loaded successfully - version: 4.0.5 - missing functions: none
symbol engine: initialized successfully - sym options: 0x614 - pdb path: .;C:\D\SoftWare\JDK\java\bin;C:\Windows\SYSTEM32;C:\Windows\WinSxS\amd64_microsoft.windows.common-controls_6595b64144ccf1df_6.0.22621.3235_none_270f74e173860f98;C:\D\SoftWare\JDK\java\bin\server;C:\Program Files (x86)\Sangfor\SSL\ClientComponent

VM Arguments:
jvm_args: -XX:+ShowCodeDetailsInExceptionMessages 
java_command: com.example.webpos.WebPosApplication
java_class_path (initial): C:\D\Lesson\Software_structure\aw6\aw06-NiuHuangxiaozi\spring-webpos-order\target\classes;C:\Users\12807\.m2\repository\org\springframework\boot\spring-boot-starter-web\3.2.5\spring-boot-starter-web-3.2.5.jar;C:\Users\12807\.m2\repository\org\springframework\boot\spring-boot-starter\3.2.5\spring-boot-starter-3.2.5.jar;C:\Users\12807\.m2\repository\org\springframework\boot\spring-boot-starter-logging\3.2.5\spring-boot-starter-logging-3.2.5.jar;C:\Users\12807\.m2\repository\ch\qos\logback\logback-classic\1.4.14\logback-classic-1.4.14.jar;C:\Users\12807\.m2\repository\ch\qos\logback\logback-core\1.4.14\logback-core-1.4.14.jar;C:\Users\12807\.m2\repository\org\apache\logging\log4j\log4j-to-slf4j\2.21.1\log4j-to-slf4j-2.21.1.jar;C:\Users\12807\.m2\repository\org\apache\logging\log4j\log4j-api\2.21.1\log4j-api-2.21.1.jar;C:\Users\12807\.m2\repository\org\slf4j\jul-to-slf4j\2.0.13\jul-to-slf4j-2.0.13.jar;C:\Users\12807\.m2\repository\jakarta\annotation\jakarta.annotation-api\2.1.1\jakarta.annotation-api-2.1.1.jar;C:\Users\12807\.m2\repository\org\yaml\snakeyaml\2.2\snakeyaml-2.2.jar;C:\Users\12807\.m2\repository\org\springframework\boot\spring-boot-starter-json\3.2.5\spring-boot-starter-json-3.2.5.jar;C:\Users\12807\.m2\repository\com\fasterxml\jackson\datatype\jackson-datatype-jdk8\2.15.4\jackson-datatype-jdk8-2.15.4.jar;C:\Users\12807\.m2\repository\com\fasterxml\jackson\module\jackson-module-parameter-names\2.15.4\jackson-module-parameter-names-2.15.4.jar;C:\Users\12807\.m2\repository\org\springframework\boot\spring-boot-starter-tomcat\3.2.5\spring-boot-starter-tomcat-3.2.5.jar;C:\Users\12807\.m2\repository\org\apache\tomcat\embed\tomcat-embed-core\10.1.20\tomcat-embed-core-10.1.20.jar;C:\Users\12807\.m2\repository\org\apache\tomcat\embed\tomcat-embed-el\10.1.20\tomcat-embed-el-10.1.20.jar;C:\Users\12807\.m2\repository\org\apache\tomcat\embed\tomcat-embed-websocket\10.1.20\tomcat-embed-websocket-10.1.20.jar;C:\Users\12807\.m2\repository\org\
Launcher Type: SUN_STANDARD

[Global flags]
     intx CICompilerCount                          = 12                                        {product} {ergonomic}
     uint ConcGCThreads                            = 4                                         {product} {ergonomic}
     uint G1ConcRefinementThreads                  = 15                                        {product} {ergonomic}
   size_t G1HeapRegionSize                         = 2097152                                   {product} {ergonomic}
    uintx GCDrainStackTargetSize                   = 64                                        {product} {ergonomic}
   size_t InitialHeapSize                          = 264241152                                 {product} {ergonomic}
   size_t MarkStackSize                            = 4194304                                   {product} {ergonomic}
   size_t MaxHeapSize                              = 4198498304                                {product} {ergonomic}
   size_t MaxNewSize                               = 2518679552                                {product} {ergonomic}
   size_t MinHeapDeltaBytes                        = 2097152                                   {product} {ergonomic}
   size_t MinHeapSize                              = 8388608                                   {product} {ergonomic}
    uintx NonNMethodCodeHeapSize                   = 7602480                                {pd product} {ergonomic}
    uintx NonProfiledCodeHeapSize                  = 122027880                              {pd product} {ergonomic}
    uintx ProfiledCodeHeapSize                     = 122027880                              {pd product} {ergonomic}
    uintx ReservedCodeCacheSize                    = 251658240                              {pd product} {ergonomic}
     bool SegmentedCodeCache                       = true                                      {product} {ergonomic}
     bool ShowCodeDetailsInExceptionMessages       = true                                   {manageable} {command line}
   size_t SoftMaxHeapSize                          = 4198498304                             {manageable} {ergonomic}
     bool UseCompressedClassPointers               = true                           {product lp64_product} {ergonomic}
     bool UseCompressedOops                        = true                           {product lp64_product} {ergonomic}
     bool UseG1GC                                  = true                                      {product} {ergonomic}
     bool UseLargePagesIndividualAllocation        = false                                  {pd product} {ergonomic}

Logging:
Log output configuration:
 #0: stdout all=warning uptime,level,tags
 #1: stderr all=off uptime,level,tags

Environment Variables:
JAVA_HOME=C:\D\SoftWare\JDK\java
CLASSPATH=C:\D\SoftWare\Jmeter\apache-jmeter-5.6.3\lib\ext\ApacheJMeter_core.jar;C:\D\SoftWare\Jmeter\apache-jmeter-5.6.3\lib\jorphan.jar;
PATH=C:\Windows\system32;C:\Windows;C:\Windows\System32\Wbem;C:\Windows\System32\WindowsPowerShell\v1.0\;C:\Windows\System32\OpenSSH\;C:\Program Files\dotnet\;C:\D\SoftWare\JDK\java\bin;C:\D\SoftWare\JDK\java\jre\bin;C:\D\SoftWare\Maven\apache-maven-3.9.6\bin;C:\D\SoftWare\Git\Git\cmd;C:\D\SoftWare\Nodejs\;C:\Program Files\Docker\Docker\resources\bin;C:\D\SoftWare\Jmeter\apache-jmeter-5.6.3\bin;C:\D\SoftWare\Anaconda;C:\D\SoftWare\Anaconda\Library\mingw-w64\bin;C:\D\SoftWare\Anaconda\Library\usr\bin;C:\D\SoftWare\Anaconda\Library\bin;C:\D\SoftWare\Anaconda\Scripts;C:\Users\12807\AppData\Local\Microsoft\WindowsApps;C:\D\SoftWare\Pycharm\PyCharm 2023.2.3\bin;;C:\D\SoftWare\MindStudio\MindStudio 6.0.RC3\bin;;C:\D\SoftWare\vscode\Microsoft VS Code\bin;C:\Users\12807\AppData\Roaming\npm
USERNAME=12807
LANG=en_US.UTF-8
OS=Windows_NT
PROCESSOR_IDENTIFIER=Intel64 Family 6 Model 186 Stepping 2, GenuineIntel
TMP=C:\Users\12807\AppData\Local\Temp
TEMP=C:\Users\12807\AppData\Local\Temp



Periodic native trim disabled


---------------  S Y S T E M  ---------------

OS:
 Windows 11 , 64 bit Build 22621 (10.0.22621.3374)
OS uptime: 4 days 2:25 hours
Hyper-V role detected

CPU: total 20 (initial active 20) (10 cores per cpu, 2 threads per core) family 6 model 186 stepping 2 microcode 0x411d, cx8, cmov, fxsr, ht, mmx, 3dnowpref, sse, sse2, sse3, ssse3, sse4.1, sse4.2, popcnt, lzcnt, tsc, tscinvbit, avx, avx2, aes, erms, clmul, bmi1, bmi2, adx, sha, fma, vzeroupper, clflush, clflushopt, clwb, hv
Processor Information for all 20 processors :
  Max Mhz: 2400, Current Mhz: 2400, Mhz Limit: 2400

Memory: 4k page, system-wide physical 16010M (1535M free)
TotalPageFile size 62872M (AvailPageFile size 9M)
current process WorkingSet (physical memory assigned to process): 370M, peak: 378M
current process commit charge ("private bytes"): 429M, peak: 438M

vm_info: OpenJDK 64-Bit Server VM (17.0.10+7-LTS) for windows-amd64 JRE (17.0.10+7-LTS), built on Jan 10 2024 19:47:12 by "MicrosoftCorporation" with MS VC++ 16.10 / 16.11 (VS2019)

END.
